gyp WARN download NVM_NODEJS_ORG_MIRROR is deprecated and will be removed in node-gyp v4, please use NODEJS_ORG_MIRROR
gyp WARN download NVM_NODEJS_ORG_MIRROR is deprecated and will be removed in node-gyp v4, please use NODEJS_ORG_MIRROR
gyp WARN download NVM_NODEJS_ORG_MIRROR is deprecated and will be removed in node-gyp v4, please use NODEJS_ORG_MIRROR
In file included from ../ext/bson.cc:35:0:
../ext/bson.h:56:51: error: ‘Arguments’ does not name a type
  static Handle<Value> BSONDeserializeStream(const Arguments &args);
                                                   ^~~~~~~~~
../ext/bson.h:59:43: error: ‘Arguments’ does not name a type
  static Handle<Value> BSONSerialize(const Arguments &args);
                                           ^~~~~~~~~
../ext/bson.h:60:45: error: ‘Arguments’ does not name a type
  static Handle<Value> BSONDeserialize(const Arguments &args);
                                             ^~~~~~~~~
../ext/bson.h:63:49: error: ‘Arguments’ does not name a type
  static Handle<Value> CalculateObjectSize(const Arguments &args);
                                                 ^~~~~~~~~
../ext/bson.h:64:57: error: ‘Arguments’ does not name a type
  static Handle<Value> SerializeWithBufferAndIndex(const Arguments &args);
                                                         ^~~~~~~~~
../ext/bson.h:70:33: error: ‘Arguments’ does not name a type
  static Handle<Value> New(const Arguments &args);
                                 ^~~~~~~~~
../ext/bson.cc: In member function ‘void BSONSerializer<T>::SerializeValue(void*, v8::Handle<v8::Value>&)’:
../ext/bson.cc:203:39: error: no matching function for call to ‘v8::Object::Has(v8::Persistent<v8::String>&)’
   if(object->Has(bson->_bsontypeString))
                                       ^
In file included from /home/delvison/.node-gyp/7.7.3/include/node/v8.h:26:0,
                 from ../ext/bson.cc:14:
/home/delvison/.node-gyp/7.7.3/include/node/v8.h:2989:47: note: candidate: bool v8::Object::Has(v8::Local<v8::Value>)
   V8_DEPRECATE_SOON("Use maybe version", bool Has(Local<Value> key));
                                               ^
/home/delvison/.node-gyp/7.7.3/include/node/v8config.h:351:48: note: in definition of macro ‘V8_DEPRECATE_SOON’
 #define V8_DEPRECATE_SOON(message, declarator) declarator
                                                ^~~~~~~~~~
/home/delvison/.node-gyp/7.7.3/include/node/v8.h:2989:47: note:   no known conversion for argument 1 from ‘v8::Persistent<v8::String>’ to ‘v8::Local<v8::Value>’
   V8_DEPRECATE_SOON("Use maybe version", bool Has(Local<Value> key));
                                               ^
/home/delvison/.node-gyp/7.7.3/include/node/v8config.h:351:48: note: in definition of macro ‘V8_DEPRECATE_SOON’
 #define V8_DEPRECATE_SOON(message, declarator) declarator
                                                ^~~~~~~~~~
In file included from ../ext/bson.cc:14:0:
/home/delvison/.node-gyp/7.7.3/include/node/v8.h:3005:37: note: candidate: v8::Maybe<bool> v8::Object::Has(v8::Local<v8::Context>, v8::Local<v8::Value>)
   V8_WARN_UNUSED_RESULT Maybe<bool> Has(Local<Context> context,
                                     ^~~
/home/delvison/.node-gyp/7.7.3/include/node/v8.h:3005:37: note:   candidate expects 2 arguments, 1 provided
In file included from /home/delvison/.node-gyp/7.7.3/include/node/v8.h:26:0,
                 from ../ext/bson.cc:14:
/home/delvison/.node-gyp/7.7.3/include/node/v8.h:3012:43: note: candidate: bool v8::Object::Has(uint32_t)
   V8_DEPRECATED("Use maybe version", bool Has(uint32_t index));
                                           ^
/home/delvison/.node-gyp/7.7.3/include/node/v8config.h:329:3: note: in definition of macro ‘V8_DEPRECATED’
   declarator __attribute__((deprecated(message)))
   ^~~~~~~~~~
/home/delvison/.node-gyp/7.7.3/include/node/v8.h:3012:43: note:   no known conversion for argument 1 from ‘v8::Persistent<v8::String>’ to ‘uint32_t {aka unsigned int}’
   V8_DEPRECATED("Use maybe version", bool Has(uint32_t index));
                                           ^
/home/delvison/.node-gyp/7.7.3/include/node/v8config.h:329:3: note: in definition of macro ‘V8_DEPRECATED’
   declarator __attribute__((deprecated(message)))
   ^~~~~~~~~~
In file included from ../ext/bson.cc:14:0:
/home/delvison/.node-gyp/7.7.3/include/node/v8.h:3013:37: note: candidate: v8::Maybe<bool> v8::Object::Has(v8::Local<v8::Context>, uint32_t)
   V8_WARN_UNUSED_RESULT Maybe<bool> Has(Local<Context> context, uint32_t index);
                                     ^~~
/home/delvison/.node-gyp/7.7.3/include/node/v8.h:3013:37: note:   candidate expects 2 arguments, 1 provided
../ext/bson.cc:206:23: error: base operand of ‘->’ has non-pointer type ‘v8::Persistent<v8::String>’
    if(bson->longString->StrictEquals(constructorString))
                       ^~
../ext/bson.cc:212:33: error: base operand of ‘->’ has non-pointer type ‘v8::Persistent<v8::String>’
    else if(bson->timestampString->StrictEquals(constructorString))
                                 ^~
../ext/bson.cc:218:32: error: base operand of ‘->’ has non-pointer type ‘v8::Persistent<v8::String>’
    else if(bson->objectIDString->StrictEquals(constructorString))
                                ^~
../ext/bson.cc:223:30: error: base operand of ‘->’ has non-pointer type ‘v8::Persistent<v8::String>’
    else if(bson->binaryString->StrictEquals(constructorString))
                              ^~
../ext/bson.cc:227:62: error: no matching function for call to ‘v8::Object::Get(v8::Persistent<v8::String>&)’
     uint32_t length = object->Get(bson->_binaryPositionString)->Uint32Value();
                                                              ^
In file included from /home/delvison/.node-gyp/7.7.3/include/node/v8.h:26:0,
                 from ../ext/bson.cc:14:
/home/delvison/.node-gyp/7.7.3/include/node/v8.h:2963:55: note: candidate: v8::Local<v8::Value> v8::Object::Get(v8::Local<v8::Value>)
   V8_DEPRECATE_SOON("Use maybe version", Local<Value> Get(Local<Value> key));
                                                       ^
/home/delvison/.node-gyp/7.7.3/include/node/v8config.h:351:48: note: in definition of macro ‘V8_DEPRECATE_SOON’
 #define V8_DEPRECATE_SOON(message, declarator) declarator
                                                ^~~~~~~~~~
/home/delvison/.node-gyp/7.7.3/include/node/v8.h:2963:55: note:   no known conversion for argument 1 from ‘v8::Persistent<v8::String>’ to ‘v8::Local<v8::Value>’
   V8_DEPRECATE_SOON("Use maybe version", Local<Value> Get(Local<Value> key));
                                                       ^
/home/delvison/.node-gyp/7.7.3/include/node/v8config.h:351:48: note: in definition of macro ‘V8_DEPRECATE_SOON’
 #define V8_DEPRECATE_SOON(message, declarator) declarator
                                                ^~~~~~~~~~
In file included from ../ext/bson.cc:14:0:
/home/delvison/.node-gyp/7.7.3/include/node/v8.h:2964:43: note: candidate: v8::MaybeLocal<v8::Value> v8::Object::Get(v8::Local<v8::Context>, v8::Local<v8::Value>)
   V8_WARN_UNUSED_RESULT MaybeLocal<Value> Get(Local<Context> context,
                                           ^~~
/home/delvison/.node-gyp/7.7.3/include/node/v8.h:2964:43: note:   candidate expects 2 arguments, 1 provided
In file included from /home/delvison/.node-gyp/7.7.3/include/node/v8.h:26:0,
                 from ../ext/bson.cc:14:
/home/delvison/.node-gyp/7.7.3/include/node/v8.h:2967:55: note: candidate: v8::Local<v8::Value> v8::Object::Get(uint32_t)
   V8_DEPRECATE_SOON("Use maybe version", Local<Value> Get(uint32_t index));
                                                       ^
/home/delvison/.node-gyp/7.7.3/include/node/v8config.h:351:48: note: in definition of macro ‘V8_DEPRECATE_SOON’
 #define V8_DEPRECATE_SOON(message, declarator) declarator
                                                ^~~~~~~~~~
/home/delvison/.node-gyp/7.7.3/include/node/v8.h:2967:55: note:   no known conversion for argument 1 from ‘v8::Persistent<v8::String>’ to ‘uint32_t {aka unsigned int}’
   V8_DEPRECATE_SOON("Use maybe version", Local<Value> Get(uint32_t index));
                                                       ^
/home/delvison/.node-gyp/7.7.3/include/node/v8config.h:351:48: note: in definition of macro ‘V8_DEPRECATE_SOON’
 #define V8_DEPRECATE_SOON(message, declarator) declarator
                                                ^~~~~~~~~~
In file included from ../ext/bson.cc:14:0:
/home/delvison/.node-gyp/7.7.3/include/node/v8.h:2968:43: note: candidate: v8::MaybeLocal<v8::Value> v8::Object::Get(v8::Local<v8::Context>, uint32_t)
   V8_WARN_UNUSED_RESULT MaybeLocal<Value> Get(Local<Context> context,
                                           ^~~
/home/delvison/.node-gyp/7.7.3/include/node/v8.h:2968:43: note:   candidate expects 2 arguments, 1 provided
../ext/bson.cc:228:68: error: no matching function for call to ‘v8::Object::Get(v8::Persistent<v8::String>&)’
     Local<Object> bufferObj = object->Get(bson->_binaryBufferString)->ToObject();
                                                                    ^
In file included from /home/delvison/.node-gyp/7.7.3/include/node/v8.h:26:0,
                 from ../ext/bson.cc:14:
/home/delvison/.node-gyp/7.7.3/include/node/v8.h:2963:55: note: candidate: v8::Local<v8::Value> v8::Object::Get(v8::Local<v8::Value>)
   V8_DEPRECATE_SOON("Use maybe version", Local<Value> Get(Local<Value> key));
                                                       ^
/home/delvison/.node-gyp/7.7.3/include/node/v8config.h:351:48: note: in definition of macro ‘V8_DEPRECATE_SOON’
 #define V8_DEPRECATE_SOON(message, declarator) declarator
                                                ^~~~~~~~~~
/home/delvison/.node-gyp/7.7.3/include/node/v8.h:2963:55: note:   no known conversion for argument 1 from ‘v8::Persistent<v8::String>’ to ‘v8::Local<v8::Value>’
   V8_DEPRECATE_SOON("Use maybe version", Local<Value> Get(Local<Value> key));
                                                       ^
/home/delvison/.node-gyp/7.7.3/include/node/v8config.h:351:48: note: in definition of macro ‘V8_DEPRECATE_SOON’
 #define V8_DEPRECATE_SOON(message, declarator) declarator
                                                ^~~~~~~~~~
In file included from ../ext/bson.cc:14:0:
/home/delvison/.node-gyp/7.7.3/include/node/v8.h:2964:43: note: candidate: v8::MaybeLocal<v8::Value> v8::Object::Get(v8::Local<v8::Context>, v8::Local<v8::Value>)
   V8_WARN_UNUSED_RESULT MaybeLocal<Value> Get(Local<Context> context,
                                           ^~~
/home/delvison/.node-gyp/7.7.3/include/node/v8.h:2964:43: note:   candidate expects 2 arguments, 1 provided
In file included from /home/delvison/.node-gyp/7.7.3/include/node/v8.h:26:0,
                 from ../ext/bson.cc:14:
/home/delvison/.node-gyp/7.7.3/include/node/v8.h:2967:55: note: candidate: v8::Local<v8::Value> v8::Object::Get(uint32_t)
   V8_DEPRECATE_SOON("Use maybe version", Local<Value> Get(uint32_t index));
                                                       ^
/home/delvison/.node-gyp/7.7.3/include/node/v8config.h:351:48: note: in definition of macro ‘V8_DEPRECATE_SOON’
 #define V8_DEPRECATE_SOON(message, declarator) declarator
                                                ^~~~~~~~~~
/home/delvison/.node-gyp/7.7.3/include/node/v8.h:2967:55: note:   no known conversion for argument 1 from ‘v8::Persistent<v8::String>’ to ‘uint32_t {aka unsigned int}’
   V8_DEPRECATE_SOON("Use maybe version", Local<Value> Get(uint32_t index));
                                                       ^
/home/delvison/.node-gyp/7.7.3/include/node/v8config.h:351:48: note: in definition of macro ‘V8_DEPRECATE_SOON’
 #define V8_DEPRECATE_SOON(message, declarator) declarator
                                                ^~~~~~~~~~
In file included from ../ext/bson.cc:14:0:
/home/delvison/.node-gyp/7.7.3/include/node/v8.h:2968:43: note: candidate: v8::MaybeLocal<v8::Value> v8::Object::Get(v8::Local<v8::Context>, uint32_t)
   V8_WARN_UNUSED_RESULT MaybeLocal<Value> Get(Local<Context> context,
                                           ^~~
/home/delvison/.node-gyp/7.7.3/include/node/v8.h:2968:43: note:   candidate expects 2 arguments, 1 provided
../ext/bson.cc:233:46: error: no matching function for call to ‘v8::Object::Get(v8::Persistent<v8::String>&)’
     if(object->Get(bson->_binarySubTypeString)->Int32Value() == 0x02) {
                                              ^
In file included from /home/delvison/.node-gyp/7.7.3/include/node/v8.h:26:0,
                 from ../ext/bson.cc:14:
/home/delvison/.node-gyp/7.7.3/include/node/v8.h:2963:55: note: candidate: v8::Local<v8::Value> v8::Object::Get(v8::Local<v8::Value>)
   V8_DEPRECATE_SOON("Use maybe version", Local<Value> Get(Local<Value> key));
                                                       ^
/home/delvison/.node-gyp/7.7.3/include/node/v8config.h:351:48: note: in definition of macro ‘V8_DEPRECATE_SOON’
 #define V8_DEPRECATE_SOON(message, declarator) declarator
                                                ^~~~~~~~~~
/home/delvison/.node-gyp/7.7.3/include/node/v8.h:2963:55: note:   no known conversion for argument 1 from ‘v8::Persistent<v8::String>’ to ‘v8::Local<v8::Value>’
   V8_DEPRECATE_SOON("Use maybe version", Local<Value> Get(Local<Value> key));
                                                       ^
/home/delvison/.node-gyp/7.7.3/include/node/v8config.h:351:48: note: in definition of macro ‘V8_DEPRECATE_SOON’
 #define V8_DEPRECATE_SOON(message, declarator) declarator
                                                ^~~~~~~~~~
In file included from ../ext/bson.cc:14:0:
/home/delvison/.node-gyp/7.7.3/include/node/v8.h:2964:43: note: candidate: v8::MaybeLocal<v8::Value> v8::Object::Get(v8::Local<v8::Context>, v8::Local<v8::Value>)
   V8_WARN_UNUSED_RESULT MaybeLocal<Value> Get(Local<Context> context,
                                           ^~~
/home/delvison/.node-gyp/7.7.3/include/node/v8.h:2964:43: note:   candidate expects 2 arguments, 1 provided
In file included from /home/delvison/.node-gyp/7.7.3/include/node/v8.h:26:0,
                 from ../ext/bson.cc:14:
/home/delvison/.node-gyp/7.7.3/include/node/v8.h:2967:55: note: candidate: v8::Local<v8::Value> v8::Object::Get(uint32_t)
   V8_DEPRECATE_SOON("Use maybe version", Local<Value> Get(uint32_t index));
                                                       ^
/home/delvison/.node-gyp/7.7.3/include/node/v8config.h:351:48: note: in definition of macro ‘V8_DEPRECATE_SOON’
 #define V8_DEPRECATE_SOON(message, declarator) declarator
                                                ^~~~~~~~~~
/home/delvison/.node-gyp/7.7.3/include/node/v8.h:2967:55: note:   no known conversion for argument 1 from ‘v8::Persistent<v8::String>’ to ‘uint32_t {aka unsigned int}’
   V8_DEPRECATE_SOON("Use maybe version", Local<Value> Get(uint32_t index));
                                                       ^
/home/delvison/.node-gyp/7.7.3/include/node/v8config.h:351:48: note: in definition of macro ‘V8_DEPRECATE_SOON’
 #define V8_DEPRECATE_SOON(message, declarator) declarator
                                                ^~~~~~~~~~
In file included from ../ext/bson.cc:14:0:
/home/delvison/.node-gyp/7.7.3/include/node/v8.h:2968:43: note: candidate: v8::MaybeLocal<v8::Value> v8::Object::Get(v8::Local<v8::Context>, uint32_t)
   V8_WARN_UNUSED_RESULT MaybeLocal<Value> Get(Local<Context> context,
                                           ^~~
/home/delvison/.node-gyp/7.7.3/include/node/v8.h:2968:43: note:   candidate expects 2 arguments, 1 provided
../ext/bson.cc:239:30: error: base operand of ‘->’ has non-pointer type ‘v8::Persistent<v8::String>’
    else if(bson->doubleString->StrictEquals(constructorString))
                              ^~
../ext/bson.cc:244:30: error: base operand of ‘->’ has non-pointer type ‘v8::Persistent<v8::String>’
    else if(bson->symbolString->StrictEquals(constructorString))
                              ^~
../ext/bson.cc:247:73: error: no matching function for call to ‘v8::Object::Get(v8::Persistent<v8::String>&)’
     this->WriteLengthPrefixedString(object->Get(bson->_symbolValueString)->ToString());
                                                                         ^
In file included from /home/delvison/.node-gyp/7.7.3/include/node/v8.h:26:0,
                 from ../ext/bson.cc:14:
/home/delvison/.node-gyp/7.7.3/include/node/v8.h:2963:55: note: candidate: v8::Local<v8::Value> v8::Object::Get(v8::Local<v8::Value>)
   V8_DEPRECATE_SOON("Use maybe version", Local<Value> Get(Local<Value> key));
                                                       ^
/home/delvison/.node-gyp/7.7.3/include/node/v8config.h:351:48: note: in definition of macro ‘V8_DEPRECATE_SOON’
 #define V8_DEPRECATE_SOON(message, declarator) declarator
                                                ^~~~~~~~~~
/home/delvison/.node-gyp/7.7.3/include/node/v8.h:2963:55: note:   no known conversion for argument 1 from ‘v8::Persistent<v8::String>’ to ‘v8::Local<v8::Value>’
   V8_DEPRECATE_SOON("Use maybe version", Local<Value> Get(Local<Value> key));
                                                       ^
/home/delvison/.node-gyp/7.7.3/include/node/v8config.h:351:48: note: in definition of macro ‘V8_DEPRECATE_SOON’
 #define V8_DEPRECATE_SOON(message, declarator) declarator
                                                ^~~~~~~~~~
In file included from ../ext/bson.cc:14:0:
/home/delvison/.node-gyp/7.7.3/include/node/v8.h:2964:43: note: candidate: v8::MaybeLocal<v8::Value> v8::Object::Get(v8::Local<v8::Context>, v8::Local<v8::Value>)
   V8_WARN_UNUSED_RESULT MaybeLocal<Value> Get(Local<Context> context,
                                           ^~~
/home/delvison/.node-gyp/7.7.3/include/node/v8.h:2964:43: note:   candidate expects 2 arguments, 1 provided
In file included from /home/delvison/.node-gyp/7.7.3/include/node/v8.h:26:0,
                 from ../ext/bson.cc:14:
/home/delvison/.node-gyp/7.7.3/include/node/v8.h:2967:55: note: candidate: v8::Local<v8::Value> v8::Object::Get(uint32_t)
   V8_DEPRECATE_SOON("Use maybe version", Local<Value> Get(uint32_t index));
                                                       ^
/home/delvison/.node-gyp/7.7.3/include/node/v8config.h:351:48: note: in definition of macro ‘V8_DEPRECATE_SOON’
 #define V8_DEPRECATE_SOON(message, declarator) declarator
                                                ^~~~~~~~~~
/home/delvison/.node-gyp/7.7.3/include/node/v8.h:2967:55: note:   no known conversion for argument 1 from ‘v8::Persistent<v8::String>’ to ‘uint32_t {aka unsigned int}’
   V8_DEPRECATE_SOON("Use maybe version", Local<Value> Get(uint32_t index));
                                                       ^
/home/delvison/.node-gyp/7.7.3/include/node/v8config.h:351:48: note: in definition of macro ‘V8_DEPRECATE_SOON’
 #define V8_DEPRECATE_SOON(message, declarator) declarator
                                                ^~~~~~~~~~
In file included from ../ext/bson.cc:14:0:
/home/delvison/.node-gyp/7.7.3/include/node/v8.h:2968:43: note: candidate: v8::MaybeLocal<v8::Value> v8::Object::Get(v8::Local<v8::Context>, uint32_t)
   V8_WARN_UNUSED_RESULT MaybeLocal<Value> Get(Local<Context> context,
                                           ^~~
/home/delvison/.node-gyp/7.7.3/include/node/v8.h:2968:43: note:   candidate expects 2 arguments, 1 provided
../ext/bson.cc:249:28: error: base operand of ‘->’ has non-pointer type ‘v8::Persistent<v8::String>’
    else if(bson->codeString->StrictEquals(constructorString))
                            ^~
../ext/bson.cc:251:70: error: no matching function for call to ‘v8::Object::Get(v8::Persistent<v8::String>&)’
     const Local<String>& function = object->Get(bson->_codeCodeString)->ToString();
                                                                      ^
In file included from /home/delvison/.node-gyp/7.7.3/include/node/v8.h:26:0,
                 from ../ext/bson.cc:14:
/home/delvison/.node-gyp/7.7.3/include/node/v8.h:2963:55: note: candidate: v8::Local<v8::Value> v8::Object::Get(v8::Local<v8::Value>)
   V8_DEPRECATE_SOON("Use maybe version", Local<Value> Get(Local<Value> key));
                                                       ^
/home/delvison/.node-gyp/7.7.3/include/node/v8config.h:351:48: note: in definition of macro ‘V8_DEPRECATE_SOON’
 #define V8_DEPRECATE_SOON(message, declarator) declarator
                                                ^~~~~~~~~~
/home/delvison/.node-gyp/7.7.3/include/node/v8.h:2963:55: note:   no known conversion for argument 1 from ‘v8::Persistent<v8::String>’ to ‘v8::Local<v8::Value>’
   V8_DEPRECATE_SOON("Use maybe version", Local<Value> Get(Local<Value> key));
                                                       ^
/home/delvison/.node-gyp/7.7.3/include/node/v8config.h:351:48: note: in definition of macro ‘V8_DEPRECATE_SOON’
 #define V8_DEPRECATE_SOON(message, declarator) declarator
                                                ^~~~~~~~~~
In file included from ../ext/bson.cc:14:0:
/home/delvison/.node-gyp/7.7.3/include/node/v8.h:2964:43: note: candidate: v8::MaybeLocal<v8::Value> v8::Object::Get(v8::Local<v8::Context>, v8::Local<v8::Value>)
   V8_WARN_UNUSED_RESULT MaybeLocal<Value> Get(Local<Context> context,
                                           ^~~
/home/delvison/.node-gyp/7.7.3/include/node/v8.h:2964:43: note:   candidate expects 2 arguments, 1 provided
In file included from /home/delvison/.node-gyp/7.7.3/include/node/v8.h:26:0,
                 from ../ext/bson.cc:14:
/home/delvison/.node-gyp/7.7.3/include/node/v8.h:2967:55: note: candidate: v8::Local<v8::Value> v8::Object::Get(uint32_t)
   V8_DEPRECATE_SOON("Use maybe version", Local<Value> Get(uint32_t index));
                                                       ^
/home/delvison/.node-gyp/7.7.3/include/node/v8config.h:351:48: note: in definition of macro ‘V8_DEPRECATE_SOON’
 #define V8_DEPRECATE_SOON(message, declarator) declarator
                                                ^~~~~~~~~~
/home/delvison/.node-gyp/7.7.3/include/node/v8.h:2967:55: note:   no known conversion for argument 1 from ‘v8::Persistent<v8::String>’ to ‘uint32_t {aka unsigned int}’
   V8_DEPRECATE_SOON("Use maybe version", Local<Value> Get(uint32_t index));
                                                       ^
/home/delvison/.node-gyp/7.7.3/include/node/v8config.h:351:48: note: in definition of macro ‘V8_DEPRECATE_SOON’
 #define V8_DEPRECATE_SOON(message, declarator) declarator
                                                ^~~~~~~~~~
In file included from ../ext/bson.cc:14:0:
/home/delvison/.node-gyp/7.7.3/include/node/v8.h:2968:43: note: candidate: v8::MaybeLocal<v8::Value> v8::Object::Get(v8::Local<v8::Context>, uint32_t)
   V8_WARN_UNUSED_RESULT MaybeLocal<Value> Get(Local<Context> context,
                                           ^~~
/home/delvison/.node-gyp/7.7.3/include/node/v8.h:2968:43: note:   candidate expects 2 arguments, 1 provided
../ext/bson.cc:252:68: error: no matching function for call to ‘v8::Object::Get(v8::Persistent<v8::String>&)’
     const Local<Object>& scope = object->Get(bson->_codeScopeString)->ToObject();
                                                                    ^
In file included from /home/delvison/.node-gyp/7.7.3/include/node/v8.h:26:0,
                 from ../ext/bson.cc:14:
/home/delvison/.node-gyp/7.7.3/include/node/v8.h:2963:55: note: candidate: v8::Local<v8::Value> v8::Object::Get(v8::Local<v8::Value>)
   V8_DEPRECATE_SOON("Use maybe version", Local<Value> Get(Local<Value> key));
                                                       ^
/home/delvison/.node-gyp/7.7.3/include/node/v8config.h:351:48: note: in definition of macro ‘V8_DEPRECATE_SOON’
 #define V8_DEPRECATE_SOON(message, declarator) declarator
                                                ^~~~~~~~~~
/home/delvison/.node-gyp/7.7.3/include/node/v8.h:2963:55: note:   no known conversion for argument 1 from ‘v8::Persistent<v8::String>’ to ‘v8::Local<v8::Value>’
   V8_DEPRECATE_SOON("Use maybe version", Local<Value> Get(Local<Value> key));
                                                       ^
/home/delvison/.node-gyp/7.7.3/include/node/v8config.h:351:48: note: in definition of macro ‘V8_DEPRECATE_SOON’
 #define V8_DEPRECATE_SOON(message, declarator) declarator
                                                ^~~~~~~~~~
In file included from ../ext/bson.cc:14:0:
/home/delvison/.node-gyp/7.7.3/include/node/v8.h:2964:43: note: candidate: v8::MaybeLocal<v8::Value> v8::Object::Get(v8::Local<v8::Context>, v8::Local<v8::Value>)
   V8_WARN_UNUSED_RESULT MaybeLocal<Value> Get(Local<Context> context,
                                           ^~~
/home/delvison/.node-gyp/7.7.3/include/node/v8.h:2964:43: note:   candidate expects 2 arguments, 1 provided
In file included from /home/delvison/.node-gyp/7.7.3/include/node/v8.h:26:0,
                 from ../ext/bson.cc:14:
/home/delvison/.node-gyp/7.7.3/include/node/v8.h:2967:55: note: candidate: v8::Local<v8::Value> v8::Object::Get(uint32_t)
   V8_DEPRECATE_SOON("Use maybe version", Local<Value> Get(uint32_t index));
                                                       ^
/home/delvison/.node-gyp/7.7.3/include/node/v8config.h:351:48: note: in definition of macro ‘V8_DEPRECATE_SOON’
 #define V8_DEPRECATE_SOON(message, declarator) declarator
                                                ^~~~~~~~~~
/home/delvison/.node-gyp/7.7.3/include/node/v8.h:2967:55: note:   no known conversion for argument 1 from ‘v8::Persistent<v8::String>’ to ‘uint32_t {aka unsigned int}’
   V8_DEPRECATE_SOON("Use maybe version", Local<Value> Get(uint32_t index));
                                                       ^
/home/delvison/.node-gyp/7.7.3/include/node/v8config.h:351:48: note: in definition of macro ‘V8_DEPRECATE_SOON’
 #define V8_DEPRECATE_SOON(message, declarator) declarator
                                                ^~~~~~~~~~
In file included from ../ext/bson.cc:14:0:
/home/delvison/.node-gyp/7.7.3/include/node/v8.h:2968:43: note: candidate: v8::MaybeLocal<v8::Value> v8::Object::Get(v8::Local<v8::Context>, uint32_t)
   V8_WARN_UNUSED_RESULT MaybeLocal<Value> Get(Local<Context> context,
                                           ^~~
/home/delvison/.node-gyp/7.7.3/include/node/v8.h:2968:43: note:   candidate expects 2 arguments, 1 provided
../ext/bson.cc:275:29: error: base operand of ‘->’ has non-pointer type ‘v8::Persistent<v8::String>’
    else if(bson->dbrefString->StrictEquals(constructorString))
                             ^~
../ext/bson.cc:283:68: error: no matching function for call to ‘v8::Object::Get(v8::Persistent<v8::String>&)’
     SerializeValue(refType, object->Get(bson->_dbRefNamespaceString));
                                                                    ^
In file included from /home/delvison/.node-gyp/7.7.3/include/node/v8.h:26:0,
                 from ../ext/bson.cc:14:
/home/delvison/.node-gyp/7.7.3/include/node/v8.h:2963:55: note: candidate: v8::Local<v8::Value> v8::Object::Get(v8::Local<v8::Value>)
   V8_DEPRECATE_SOON("Use maybe version", Local<Value> Get(Local<Value> key));
                                                       ^
/home/delvison/.node-gyp/7.7.3/include/node/v8config.h:351:48: note: in definition of macro ‘V8_DEPRECATE_SOON’
 #define V8_DEPRECATE_SOON(message, declarator) declarator
                                                ^~~~~~~~~~
/home/delvison/.node-gyp/7.7.3/include/node/v8.h:2963:55: note:   no known conversion for argument 1 from ‘v8::Persistent<v8::String>’ to ‘v8::Local<v8::Value>’
   V8_DEPRECATE_SOON("Use maybe version", Local<Value> Get(Local<Value> key));
                                                       ^
/home/delvison/.node-gyp/7.7.3/include/node/v8config.h:351:48: note: in definition of macro ‘V8_DEPRECATE_SOON’
 #define V8_DEPRECATE_SOON(message, declarator) declarator
                                                ^~~~~~~~~~
In file included from ../ext/bson.cc:14:0:
/home/delvison/.node-gyp/7.7.3/include/node/v8.h:2964:43: note: candidate: v8::MaybeLocal<v8::Value> v8::Object::Get(v8::Local<v8::Context>, v8::Local<v8::Value>)
   V8_WARN_UNUSED_RESULT MaybeLocal<Value> Get(Local<Context> context,
                                           ^~~
/home/delvison/.node-gyp/7.7.3/include/node/v8.h:2964:43: note:   candidate expects 2 arguments, 1 provided
In file included from /home/delvison/.node-gyp/7.7.3/include/node/v8.h:26:0,
                 from ../ext/bson.cc:14:
/home/delvison/.node-gyp/7.7.3/include/node/v8.h:2967:55: note: candidate: v8::Local<v8::Value> v8::Object::Get(uint32_t)
   V8_DEPRECATE_SOON("Use maybe version", Local<Value> Get(uint32_t index));
                                                       ^
/home/delvison/.node-gyp/7.7.3/include/node/v8config.h:351:48: note: in definition of macro ‘V8_DEPRECATE_SOON’
 #define V8_DEPRECATE_SOON(message, declarator) declarator
                                                ^~~~~~~~~~
/home/delvison/.node-gyp/7.7.3/include/node/v8.h:2967:55: note:   no known conversion for argument 1 from ‘v8::Persistent<v8::String>’ to ‘uint32_t {aka unsigned int}’
   V8_DEPRECATE_SOON("Use maybe version", Local<Value> Get(uint32_t index));
                                                       ^
/home/delvison/.node-gyp/7.7.3/include/node/v8config.h:351:48: note: in definition of macro ‘V8_DEPRECATE_SOON’
 #define V8_DEPRECATE_SOON(message, declarator) declarator
                                                ^~~~~~~~~~
In file included from ../ext/bson.cc:14:0:
/home/delvison/.node-gyp/7.7.3/include/node/v8.h:2968:43: note: candidate: v8::MaybeLocal<v8::Value> v8::Object::Get(v8::Local<v8::Context>, uint32_t)
   V8_WARN_UNUSED_RESULT MaybeLocal<Value> Get(Local<Context> context,
                                           ^~~
/home/delvison/.node-gyp/7.7.3/include/node/v8.h:2968:43: note:   candidate expects 2 arguments, 1 provided
../ext/bson.cc:287:61: error: no matching function for call to ‘v8::Object::Get(v8::Persistent<v8::String>&)’
     SerializeValue(idType, object->Get(bson->_dbRefOidString));
                                                             ^
In file included from /home/delvison/.node-gyp/7.7.3/include/node/v8.h:26:0,
                 from ../ext/bson.cc:14:
/home/delvison/.node-gyp/7.7.3/include/node/v8.h:2963:55: note: candidate: v8::Local<v8::Value> v8::Object::Get(v8::Local<v8::Value>)
   V8_DEPRECATE_SOON("Use maybe version", Local<Value> Get(Local<Value> key));
                                                       ^
/home/delvison/.node-gyp/7.7.3/include/node/v8config.h:351:48: note: in definition of macro ‘V8_DEPRECATE_SOON’
 #define V8_DEPRECATE_SOON(message, declarator) declarator
                                                ^~~~~~~~~~
/home/delvison/.node-gyp/7.7.3/include/node/v8.h:2963:55: note:   no known conversion for argument 1 from ‘v8::Persistent<v8::String>’ to ‘v8::Local<v8::Value>’
   V8_DEPRECATE_SOON("Use maybe version", Local<Value> Get(Local<Value> key));
                                                       ^
/home/delvison/.node-gyp/7.7.3/include/node/v8config.h:351:48: note: in definition of macro ‘V8_DEPRECATE_SOON’
 #define V8_DEPRECATE_SOON(message, declarator) declarator
                                                ^~~~~~~~~~
In file included from ../ext/bson.cc:14:0:
/home/delvison/.node-gyp/7.7.3/include/node/v8.h:2964:43: note: candidate: v8::MaybeLocal<v8::Value> v8::Object::Get(v8::Local<v8::Context>, v8::Local<v8::Value>)
   V8_WARN_UNUSED_RESULT MaybeLocal<Value> Get(Local<Context> context,
                                           ^~~
/home/delvison/.node-gyp/7.7.3/include/node/v8.h:2964:43: note:   candidate expects 2 arguments, 1 provided
In file included from /home/delvison/.node-gyp/7.7.3/include/node/v8.h:26:0,
                 from ../ext/bson.cc:14:
/home/delvison/.node-gyp/7.7.3/include/node/v8.h:2967:55: note: candidate: v8::Local<v8::Value> v8::Object::Get(uint32_t)
   V8_DEPRECATE_SOON("Use maybe version", Local<Value> Get(uint32_t index));
                                                       ^
/home/delvison/.node-gyp/7.7.3/include/node/v8config.h:351:48: note: in definition of macro ‘V8_DEPRECATE_SOON’
 #define V8_DEPRECATE_SOON(message, declarator) declarator
                                                ^~~~~~~~~~
/home/delvison/.node-gyp/7.7.3/include/node/v8.h:2967:55: note:   no known conversion for argument 1 from ‘v8::Persistent<v8::String>’ to ‘uint32_t {aka unsigned int}’
   V8_DEPRECATE_SOON("Use maybe version", Local<Value> Get(uint32_t index));
                                                       ^
/home/delvison/.node-gyp/7.7.3/include/node/v8config.h:351:48: note: in definition of macro ‘V8_DEPRECATE_SOON’
 #define V8_DEPRECATE_SOON(message, declarator) declarator
                                                ^~~~~~~~~~
In file included from ../ext/bson.cc:14:0:
/home/delvison/.node-gyp/7.7.3/include/node/v8.h:2968:43: note: candidate: v8::MaybeLocal<v8::Value> v8::Object::Get(v8::Local<v8::Context>, uint32_t)
   V8_WARN_UNUSED_RESULT MaybeLocal<Value> Get(Local<Context> context,
                                           ^~~
/home/delvison/.node-gyp/7.7.3/include/node/v8.h:2968:43: note:   candidate expects 2 arguments, 1 provided
../ext/bson.cc:289:70: error: no matching function for call to ‘v8::Object::Get(v8::Persistent<v8::String>&)’
     const Local<Value>& refDbValue = object->Get(bson->_dbRefDbString);
                                                                      ^
In file included from /home/delvison/.node-gyp/7.7.3/include/node/v8.h:26:0,
                 from ../ext/bson.cc:14:
/home/delvison/.node-gyp/7.7.3/include/node/v8.h:2963:55: note: candidate: v8::Local<v8::Value> v8::Object::Get(v8::Local<v8::Value>)
   V8_DEPRECATE_SOON("Use maybe version", Local<Value> Get(Local<Value> key));
                                                       ^
/home/delvison/.node-gyp/7.7.3/include/node/v8config.h:351:48: note: in definition of macro ‘V8_DEPRECATE_SOON’
 #define V8_DEPRECATE_SOON(message, declarator) declarator
                                                ^~~~~~~~~~
/home/delvison/.node-gyp/7.7.3/include/node/v8.h:2963:55: note:   no known conversion for argument 1 from ‘v8::Persistent<v8::String>’ to ‘v8::Local<v8::Value>’
   V8_DEPRECATE_SOON("Use maybe version", Local<Value> Get(Local<Value> key));
                                                       ^
/home/delvison/.node-gyp/7.7.3/include/node/v8config.h:351:48: note: in definition of macro ‘V8_DEPRECATE_SOON’
 #define V8_DEPRECATE_SOON(message, declarator) declarator
                                                ^~~~~~~~~~
In file included from ../ext/bson.cc:14:0:
/home/delvison/.node-gyp/7.7.3/include/node/v8.h:2964:43: note: candidate: v8::MaybeLocal<v8::Value> v8::Object::Get(v8::Local<v8::Context>, v8::Local<v8::Value>)
   V8_WARN_UNUSED_RESULT MaybeLocal<Value> Get(Local<Context> context,
                                           ^~~
/home/delvison/.node-gyp/7.7.3/include/node/v8.h:2964:43: note:   candidate expects 2 arguments, 1 provided
In file included from /home/delvison/.node-gyp/7.7.3/include/node/v8.h:26:0,
                 from ../ext/bson.cc:14:
/home/delvison/.node-gyp/7.7.3/include/node/v8.h:2967:55: note: candidate: v8::Local<v8::Value> v8::Object::Get(uint32_t)
   V8_DEPRECATE_SOON("Use maybe version", Local<Value> Get(uint32_t index));
                                                       ^
/home/delvison/.node-gyp/7.7.3/include/node/v8config.h:351:48: note: in definition of macro ‘V8_DEPRECATE_SOON’
 #define V8_DEPRECATE_SOON(message, declarator) declarator
                                                ^~~~~~~~~~
/home/delvison/.node-gyp/7.7.3/include/node/v8.h:2967:55: note:   no known conversion for argument 1 from ‘v8::Persistent<v8::String>’ to ‘uint32_t {aka unsigned int}’
   V8_DEPRECATE_SOON("Use maybe version", Local<Value> Get(uint32_t index));
                                                       ^
/home/delvison/.node-gyp/7.7.3/include/node/v8config.h:351:48: note: in definition of macro ‘V8_DEPRECATE_SOON’
 #define V8_DEPRECATE_SOON(message, declarator) declarator
                                                ^~~~~~~~~~
In file included from ../ext/bson.cc:14:0:
/home/delvison/.node-gyp/7.7.3/include/node/v8.h:2968:43: note: candidate: v8::MaybeLocal<v8::Value> v8::Object::Get(v8::Local<v8::Context>, uint32_t)
   V8_WARN_UNUSED_RESULT MaybeLocal<Value> Get(Local<Context> context,
                                           ^~~
/home/delvison/.node-gyp/7.7.3/include/node/v8.h:2968:43: note:   candidate expects 2 arguments, 1 provided
../ext/bson.cc:300:30: error: base operand of ‘->’ has non-pointer type ‘v8::Persistent<v8::String>’
    else if(bson->minKeyString->StrictEquals(constructorString))
                              ^~
../ext/bson.cc:304:30: error: base operand of ‘->’ has non-pointer type ‘v8::Persistent<v8::String>’
    else if(bson->maxKeyString->StrictEquals(constructorString))
                              ^~
../ext/bson.cc: In member function ‘v8::Local<v8::String> BSONDeserializer::ReadCString()’:
../ext/bson.cc:361:9: error: ‘New’ is not a member of ‘v8::String’
  return String::New(start, (int32_t) (p-start-1) );
         ^~~~~~
../ext/bson.cc: In member function ‘v8::Local<v8::String> BSONDeserializer::ReadString()’:
../ext/bson.cc:396:9: error: ‘New’ is not a member of ‘v8::String’
  return String::New(start, length-1);
         ^~~~~~
../ext/bson.cc: In member function ‘v8::Local<v8::String> BSONDeserializer::ReadObjectId()’:
../ext/bson.cc:406:9: error: ‘New’ is not a member of ‘v8::String’
  return String::New(objectId, 12);
         ^~~~~~
../ext/bson.cc: In member function ‘v8::Handle<v8::Value> BSONDeserializer::DeserializeDocumentInternal(bool)’:
../ext/bson.cc:420:43: error: no matching function for call to ‘v8::Object::New()’
  Local<Object> returnObject = Object::New();
                                           ^
In file included from ../ext/bson.cc:14:0:
/home/delvison/.node-gyp/7.7.3/include/node/v8.h:3321:24: note: candidate: static v8::Local<v8::Object> v8::Object::New(v8::Isolate*)
   static Local<Object> New(Isolate* isolate);
                        ^~~
/home/delvison/.node-gyp/7.7.3/include/node/v8.h:3321:24: note:   candidate expects 1 argument, 0 provided
../ext/bson.cc:427:37: warning: ‘bool v8::Object::ForceSet(v8::Local<v8::Value>, v8::Local<v8::Value>, v8::PropertyAttribute)’ is deprecated: Use CreateDataProperty / DefineOwnProperty [-Wdeprecated-declarations]
   returnObject->ForceSet(name, value);
                                     ^
In file included from /home/delvison/.node-gyp/7.7.3/include/node/v8.h:26:0,
                 from ../ext/bson.cc:14:
/home/delvison/.node-gyp/7.7.3/include/node/v8.h:2956:22: note: declared here
                 bool ForceSet(Local<Value> key, Local<Value> value,
                      ^
/home/delvison/.node-gyp/7.7.3/include/node/v8config.h:329:3: note: in definition of macro ‘V8_DEPRECATED’
   declarator __attribute__((deprecated(message)))
   ^~~~~~~~~~
../ext/bson.cc:433:46: error: no matching function for call to ‘v8::Object::Has(v8::Persistent<v8::String>&)’
  if(returnObject->Has(bson->_dbRefIdRefString))
                                              ^
In file included from /home/delvison/.node-gyp/7.7.3/include/node/v8.h:26:0,
                 from ../ext/bson.cc:14:
/home/delvison/.node-gyp/7.7.3/include/node/v8.h:2989:47: note: candidate: bool v8::Object::Has(v8::Local<v8::Value>)
   V8_DEPRECATE_SOON("Use maybe version", bool Has(Local<Value> key));
                                               ^
/home/delvison/.node-gyp/7.7.3/include/node/v8config.h:351:48: note: in definition of macro ‘V8_DEPRECATE_SOON’
 #define V8_DEPRECATE_SOON(message, declarator) declarator
                                                ^~~~~~~~~~
/home/delvison/.node-gyp/7.7.3/include/node/v8.h:2989:47: note:   no known conversion for argument 1 from ‘v8::Persistent<v8::String>’ to ‘v8::Local<v8::Value>’
   V8_DEPRECATE_SOON("Use maybe version", bool Has(Local<Value> key));
                                               ^
/home/delvison/.node-gyp/7.7.3/include/node/v8config.h:351:48: note: in definition of macro ‘V8_DEPRECATE_SOON’
 #define V8_DEPRECATE_SOON(message, declarator) declarator
                                                ^~~~~~~~~~
In file included from ../ext/bson.cc:14:0:
/home/delvison/.node-gyp/7.7.3/include/node/v8.h:3005:37: note: candidate: v8::Maybe<bool> v8::Object::Has(v8::Local<v8::Context>, v8::Local<v8::Value>)
   V8_WARN_UNUSED_RESULT Maybe<bool> Has(Local<Context> context,
                                     ^~~
/home/delvison/.node-gyp/7.7.3/include/node/v8.h:3005:37: note:   candidate expects 2 arguments, 1 provided
In file included from /home/delvison/.node-gyp/7.7.3/include/node/v8.h:26:0,
                 from ../ext/bson.cc:14:
/home/delvison/.node-gyp/7.7.3/include/node/v8.h:3012:43: note: candidate: bool v8::Object::Has(uint32_t)
   V8_DEPRECATED("Use maybe version", bool Has(uint32_t index));
                                           ^
/home/delvison/.node-gyp/7.7.3/include/node/v8config.h:329:3: note: in definition of macro ‘V8_DEPRECATED’
   declarator __attribute__((deprecated(message)))
   ^~~~~~~~~~
/home/delvison/.node-gyp/7.7.3/include/node/v8.h:3012:43: note:   no known conversion for argument 1 from ‘v8::Persistent<v8::String>’ to ‘uint32_t {aka unsigned int}’
   V8_DEPRECATED("Use maybe version", bool Has(uint32_t index));
                                           ^
/home/delvison/.node-gyp/7.7.3/include/node/v8config.h:329:3: note: in definition of macro ‘V8_DEPRECATED’
   declarator __attribute__((deprecated(message)))
   ^~~~~~~~~~
In file included from ../ext/bson.cc:14:0:
/home/delvison/.node-gyp/7.7.3/include/node/v8.h:3013:37: note: candidate: v8::Maybe<bool> v8::Object::Has(v8::Local<v8::Context>, uint32_t)
   V8_WARN_UNUSED_RESULT Maybe<bool> Has(Local<Context> context, uint32_t index);
                                     ^~~
/home/delvison/.node-gyp/7.7.3/include/node/v8.h:3013:37: note:   candidate expects 2 arguments, 1 provided
../ext/bson.cc:435:66: error: no matching function for call to ‘v8::Object::Get(v8::Persistent<v8::String>&)’
   Local<Value> argv[] = { returnObject->Get(bson->_dbRefRefString), returnObject->Get(bson->_dbRefIdRefString), returnObject->Get(bson->_dbRefDbRefString) };
                                                                  ^
In file included from /home/delvison/.node-gyp/7.7.3/include/node/v8.h:26:0,
                 from ../ext/bson.cc:14:
/home/delvison/.node-gyp/7.7.3/include/node/v8.h:2963:55: note: candidate: v8::Local<v8::Value> v8::Object::Get(v8::Local<v8::Value>)
   V8_DEPRECATE_SOON("Use maybe version", Local<Value> Get(Local<Value> key));
                                                       ^
/home/delvison/.node-gyp/7.7.3/include/node/v8config.h:351:48: note: in definition of macro ‘V8_DEPRECATE_SOON’
 #define V8_DEPRECATE_SOON(message, declarator) declarator
                                                ^~~~~~~~~~
/home/delvison/.node-gyp/7.7.3/include/node/v8.h:2963:55: note:   no known conversion for argument 1 from ‘v8::Persistent<v8::String>’ to ‘v8::Local<v8::Value>’
   V8_DEPRECATE_SOON("Use maybe version", Local<Value> Get(Local<Value> key));
                                                       ^
/home/delvison/.node-gyp/7.7.3/include/node/v8config.h:351:48: note: in definition of macro ‘V8_DEPRECATE_SOON’
 #define V8_DEPRECATE_SOON(message, declarator) declarator
                                                ^~~~~~~~~~
In file included from ../ext/bson.cc:14:0:
/home/delvison/.node-gyp/7.7.3/include/node/v8.h:2964:43: note: candidate: v8::MaybeLocal<v8::Value> v8::Object::Get(v8::Local<v8::Context>, v8::Local<v8::Value>)
   V8_WARN_UNUSED_RESULT MaybeLocal<Value> Get(Local<Context> context,
                                           ^~~
/home/delvison/.node-gyp/7.7.3/include/node/v8.h:2964:43: note:   candidate expects 2 arguments, 1 provided
In file included from /home/delvison/.node-gyp/7.7.3/include/node/v8.h:26:0,
                 from ../ext/bson.cc:14:
/home/delvison/.node-gyp/7.7.3/include/node/v8.h:2967:55: note: candidate: v8::Local<v8::Value> v8::Object::Get(uint32_t)
   V8_DEPRECATE_SOON("Use maybe version", Local<Value> Get(uint32_t index));
                                                       ^
/home/delvison/.node-gyp/7.7.3/include/node/v8config.h:351:48: note: in definition of macro ‘V8_DEPRECATE_SOON’
 #define V8_DEPRECATE_SOON(message, declarator) declarator
                                                ^~~~~~~~~~
/home/delvison/.node-gyp/7.7.3/include/node/v8.h:2967:55: note:   no known conversion for argument 1 from ‘v8::Persistent<v8::String>’ to ‘uint32_t {aka unsigned int}’
   V8_DEPRECATE_SOON("Use maybe version", Local<Value> Get(uint32_t index));
                                                       ^
/home/delvison/.node-gyp/7.7.3/include/node/v8config.h:351:48: note: in definition of macro ‘V8_DEPRECATE_SOON’
 #define V8_DEPRECATE_SOON(message, declarator) declarator
                                                ^~~~~~~~~~
In file included from ../ext/bson.cc:14:0:
/home/delvison/.node-gyp/7.7.3/include/node/v8.h:2968:43: note: candidate: v8::MaybeLocal<v8::Value> v8::Object::Get(v8::Local<v8::Context>, uint32_t)
   V8_WARN_UNUSED_RESULT MaybeLocal<Value> Get(Local<Context> context,
                                           ^~~
/home/delvison/.node-gyp/7.7.3/include/node/v8.h:2968:43: note:   candidate expects 2 arguments, 1 provided
../ext/bson.cc:435:110: error: no matching function for call to ‘v8::Object::Get(v8::Persistent<v8::String>&)’
   Local<Value> argv[] = { returnObject->Get(bson->_dbRefRefString), returnObject->Get(bson->_dbRefIdRefString), returnObject->Get(bson->_dbRefDbRefString) };
                                                                                                              ^
In file included from /home/delvison/.node-gyp/7.7.3/include/node/v8.h:26:0,
                 from ../ext/bson.cc:14:
/home/delvison/.node-gyp/7.7.3/include/node/v8.h:2963:55: note: candidate: v8::Local<v8::Value> v8::Object::Get(v8::Local<v8::Value>)
   V8_DEPRECATE_SOON("Use maybe version", Local<Value> Get(Local<Value> key));
                                                       ^
/home/delvison/.node-gyp/7.7.3/include/node/v8config.h:351:48: note: in definition of macro ‘V8_DEPRECATE_SOON’
 #define V8_DEPRECATE_SOON(message, declarator) declarator
                                                ^~~~~~~~~~
/home/delvison/.node-gyp/7.7.3/include/node/v8.h:2963:55: note:   no known conversion for argument 1 from ‘v8::Persistent<v8::String>’ to ‘v8::Local<v8::Value>’
   V8_DEPRECATE_SOON("Use maybe version", Local<Value> Get(Local<Value> key));
                                                       ^
/home/delvison/.node-gyp/7.7.3/include/node/v8config.h:351:48: note: in definition of macro ‘V8_DEPRECATE_SOON’
 #define V8_DEPRECATE_SOON(message, declarator) declarator
                                                ^~~~~~~~~~
In file included from ../ext/bson.cc:14:0:
/home/delvison/.node-gyp/7.7.3/include/node/v8.h:2964:43: note: candidate: v8::MaybeLocal<v8::Value> v8::Object::Get(v8::Local<v8::Context>, v8::Local<v8::Value>)
   V8_WARN_UNUSED_RESULT MaybeLocal<Value> Get(Local<Context> context,
                                           ^~~
/home/delvison/.node-gyp/7.7.3/include/node/v8.h:2964:43: note:   candidate expects 2 arguments, 1 provided
In file included from /home/delvison/.node-gyp/7.7.3/include/node/v8.h:26:0,
                 from ../ext/bson.cc:14:
/home/delvison/.node-gyp/7.7.3/include/node/v8.h:2967:55: note: candidate: v8::Local<v8::Value> v8::Object::Get(uint32_t)
   V8_DEPRECATE_SOON("Use maybe version", Local<Value> Get(uint32_t index));
                                                       ^
/home/delvison/.node-gyp/7.7.3/include/node/v8config.h:351:48: note: in definition of macro ‘V8_DEPRECATE_SOON’
 #define V8_DEPRECATE_SOON(message, declarator) declarator
                                                ^~~~~~~~~~
/home/delvison/.node-gyp/7.7.3/include/node/v8.h:2967:55: note:   no known conversion for argument 1 from ‘v8::Persistent<v8::String>’ to ‘uint32_t {aka unsigned int}’
   V8_DEPRECATE_SOON("Use maybe version", Local<Value> Get(uint32_t index));
                                                       ^
/home/delvison/.node-gyp/7.7.3/include/node/v8config.h:351:48: note: in definition of macro ‘V8_DEPRECATE_SOON’
 #define V8_DEPRECATE_SOON(message, declarator) declarator
                                                ^~~~~~~~~~
In file included from ../ext/bson.cc:14:0:
/home/delvison/.node-gyp/7.7.3/include/node/v8.h:2968:43: note: candidate: v8::MaybeLocal<v8::Value> v8::Object::Get(v8::Local<v8::Context>, uint32_t)
   V8_WARN_UNUSED_RESULT MaybeLocal<Value> Get(Local<Context> context,
                                           ^~~
/home/delvison/.node-gyp/7.7.3/include/node/v8.h:2968:43: note:   candidate expects 2 arguments, 1 provided
../ext/bson.cc:435:154: error: no matching function for call to ‘v8::Object::Get(v8::Persistent<v8::String>&)’
   Local<Value> argv[] = { returnObject->Get(bson->_dbRefRefString), returnObject->Get(bson->_dbRefIdRefString), returnObject->Get(bson->_dbRefDbRefString) };
                                                                                                                                                          ^
In file included from /home/delvison/.node-gyp/7.7.3/include/node/v8.h:26:0,
                 from ../ext/bson.cc:14:
/home/delvison/.node-gyp/7.7.3/include/node/v8.h:2963:55: note: candidate: v8::Local<v8::Value> v8::Object::Get(v8::Local<v8::Value>)
   V8_DEPRECATE_SOON("Use maybe version", Local<Value> Get(Local<Value> key));
                                                       ^
/home/delvison/.node-gyp/7.7.3/include/node/v8config.h:351:48: note: in definition of macro ‘V8_DEPRECATE_SOON’
 #define V8_DEPRECATE_SOON(message, declarator) declarator
                                                ^~~~~~~~~~
/home/delvison/.node-gyp/7.7.3/include/node/v8.h:2963:55: note:   no known conversion for argument 1 from ‘v8::Persistent<v8::String>’ to ‘v8::Local<v8::Value>’
   V8_DEPRECATE_SOON("Use maybe version", Local<Value> Get(Local<Value> key));
                                                       ^
/home/delvison/.node-gyp/7.7.3/include/node/v8config.h:351:48: note: in definition of macro ‘V8_DEPRECATE_SOON’
 #define V8_DEPRECATE_SOON(message, declarator) declarator
                                                ^~~~~~~~~~
In file included from ../ext/bson.cc:14:0:
/home/delvison/.node-gyp/7.7.3/include/node/v8.h:2964:43: note: candidate: v8::MaybeLocal<v8::Value> v8::Object::Get(v8::Local<v8::Context>, v8::Local<v8::Value>)
   V8_WARN_UNUSED_RESULT MaybeLocal<Value> Get(Local<Context> context,
                                           ^~~
/home/delvison/.node-gyp/7.7.3/include/node/v8.h:2964:43: note:   candidate expects 2 arguments, 1 provided
In file included from /home/delvison/.node-gyp/7.7.3/include/node/v8.h:26:0,
                 from ../ext/bson.cc:14:
/home/delvison/.node-gyp/7.7.3/include/node/v8.h:2967:55: note: candidate: v8::Local<v8::Value> v8::Object::Get(uint32_t)
   V8_DEPRECATE_SOON("Use maybe version", Local<Value> Get(uint32_t index));
                                                       ^
/home/delvison/.node-gyp/7.7.3/include/node/v8config.h:351:48: note: in definition of macro ‘V8_DEPRECATE_SOON’
 #define V8_DEPRECATE_SOON(message, declarator) declarator
                                                ^~~~~~~~~~
/home/delvison/.node-gyp/7.7.3/include/node/v8.h:2967:55: note:   no known conversion for argument 1 from ‘v8::Persistent<v8::String>’ to ‘uint32_t {aka unsigned int}’
   V8_DEPRECATE_SOON("Use maybe version", Local<Value> Get(uint32_t index));
                                                       ^
/home/delvison/.node-gyp/7.7.3/include/node/v8config.h:351:48: note: in definition of macro ‘V8_DEPRECATE_SOON’
 #define V8_DEPRECATE_SOON(message, declarator) declarator
                                                ^~~~~~~~~~
In file included from ../ext/bson.cc:14:0:
/home/delvison/.node-gyp/7.7.3/include/node/v8.h:2968:43: note: candidate: v8::MaybeLocal<v8::Value> v8::Object::Get(v8::Local<v8::Context>, uint32_t)
   V8_WARN_UNUSED_RESULT MaybeLocal<Value> Get(Local<Context> context,
                                           ^~~
/home/delvison/.node-gyp/7.7.3/include/node/v8.h:2968:43: note:   candidate expects 2 arguments, 1 provided
../ext/bson.cc:436:32: error: base operand of ‘->’ has non-pointer type ‘v8::Persistent<v8::Function>’
   return bson->dbrefConstructor->NewInstance(3, argv);
                                ^~
../ext/bson.cc: In member function ‘v8::Handle<v8::Value> BSONDeserializer::DeserializeArrayInternal(bool)’:
../ext/bson.cc:455:40: error: no matching function for call to ‘v8::Array::New()’
  Local<Array> returnArray = Array::New();
                                        ^
In file included from ../ext/bson.cc:14:0:
/home/delvison/.node-gyp/7.7.3/include/node/v8.h:3354:23: note: candidate: static v8::Local<v8::Array> v8::Array::New(v8::Isolate*, int)
   static Local<Array> New(Isolate* isolate, int length = 0);
                       ^~~
/home/delvison/.node-gyp/7.7.3/include/node/v8.h:3354:23: note:   candidate expects 2 arguments, 0 provided
../ext/bson.cc: In member function ‘v8::Handle<v8::Value> BSONDeserializer::DeserializeValue(BsonType, bool)’:
../ext/bson.cc:477:34: error: no matching function for call to ‘v8::Integer::New(int32_t)’
   return Integer::New(ReadInt32());
                                  ^
In file included from ../ext/bson.cc:14:0:
/home/delvison/.node-gyp/7.7.3/include/node/v8.h:2770:25: note: candidate: static v8::Local<v8::Integer> v8::Integer::New(v8::Isolate*, int32_t)
   static Local<Integer> New(Isolate* isolate, int32_t value);
                         ^~~
/home/delvison/.node-gyp/7.7.3/include/node/v8.h:2770:25: note:   candidate expects 2 arguments, 1 provided
../ext/bson.cc:480:34: error: no matching function for call to ‘v8::Number::New(double)’
   return Number::New(ReadDouble());
                                  ^
In file included from ../ext/bson.cc:14:0:
/home/delvison/.node-gyp/7.7.3/include/node/v8.h:2757:24: note: candidate: static v8::Local<v8::Number> v8::Number::New(v8::Isolate*, double)
   static Local<Number> New(Isolate* isolate, double value);
                        ^~~
/home/delvison/.node-gyp/7.7.3/include/node/v8.h:2757:24: note:   candidate expects 2 arguments, 1 provided
../ext/bson.cc:483:15: error: too few arguments to function ‘v8::Local<v8::Primitive> v8::Null(v8::Isolate*)’
   return Null();
               ^
In file included from ../ext/bson.cc:14:0:
/home/delvison/.node-gyp/7.7.3/include/node/v8.h:328:27: note: declared here
   friend Local<Primitive> Null(Isolate* isolate);
                           ^~~~
../ext/bson.cc:486:20: error: too few arguments to function ‘v8::Local<v8::Primitive> v8::Undefined(v8::Isolate*)’
   return Undefined();
                    ^
In file included from ../ext/bson.cc:14:0:
/home/delvison/.node-gyp/7.7.3/include/node/v8.h:327:27: note: declared here
   friend Local<Primitive> Undefined(Isolate* isolate);
                           ^~~~~~~~~
../ext/bson.cc:492:46: error: no matching function for call to ‘v8::Int32::New(int32_t&)’
    Local<Value> argv[] = { Int32::New(lowBits), Int32::New(highBits) };
                                              ^
In file included from ../ext/bson.cc:14:0:
/home/delvison/.node-gyp/7.7.3/include/node/v8.h:2770:25: note: candidate: static v8::Local<v8::Integer> v8::Integer::New(v8::Isolate*, int32_t)
   static Local<Integer> New(Isolate* isolate, int32_t value);
                         ^~~
/home/delvison/.node-gyp/7.7.3/include/node/v8.h:2770:25: note:   candidate expects 2 arguments, 1 provided
../ext/bson.cc:492:68: error: no matching function for call to ‘v8::Int32::New(int32_t&)’
    Local<Value> argv[] = { Int32::New(lowBits), Int32::New(highBits) };
                                                                    ^
In file included from ../ext/bson.cc:14:0:
/home/delvison/.node-gyp/7.7.3/include/node/v8.h:2770:25: note: candidate: static v8::Local<v8::Integer> v8::Integer::New(v8::Isolate*, int32_t)
   static Local<Integer> New(Isolate* isolate, int32_t value);
                         ^~~
/home/delvison/.node-gyp/7.7.3/include/node/v8.h:2770:25: note:   candidate expects 2 arguments, 1 provided
../ext/bson.cc:493:37: error: base operand of ‘->’ has non-pointer type ‘v8::Persistent<v8::Function>’
    return bson->timestampConstructor->NewInstance(2, argv);
                                     ^~
../ext/bson.cc:497:35: error: too few arguments to function ‘v8::Local<v8::Boolean> v8::True(v8::Isolate*)’
   return (ReadByte() != 0) ? True() : False();
                                   ^
In file included from ../ext/bson.cc:14:0:
/home/delvison/.node-gyp/7.7.3/include/node/v8.h:9395:16: note: declared here
 Local<Boolean> True(Isolate* isolate) {
                ^~~~
../ext/bson.cc:497:45: error: too few arguments to function ‘v8::Local<v8::Boolean> v8::False(v8::Isolate*)’
   return (ReadByte() != 0) ? True() : False();
                                             ^
In file included from ../ext/bson.cc:14:0:
/home/delvison/.node-gyp/7.7.3/include/node/v8.h:9404:16: note: declared here
 Local<Boolean> False(Isolate* isolate) {
                ^~~~~
../ext/bson.cc:509:44: error: no matching function for call to ‘v8::Object::New()’
    const Local<Value>& scope = Object::New();
                                            ^
In file included from ../ext/bson.cc:14:0:
/home/delvison/.node-gyp/7.7.3/include/node/v8.h:3321:24: note: candidate: static v8::Local<v8::Object> v8::Object::New(v8::Isolate*)
   static Local<Object> New(Isolate* isolate);
                        ^~~
/home/delvison/.node-gyp/7.7.3/include/node/v8.h:3321:24: note:   candidate expects 1 argument, 0 provided
../ext/bson.cc:511:32: error: base operand of ‘->’ has non-pointer type ‘v8::Persistent<v8::Function>’
    return bson->codeConstructor->NewInstance(2, argv);
                                ^~
../ext/bson.cc:520:32: error: base operand of ‘->’ has non-pointer type ‘v8::Persistent<v8::Function>’
    return bson->codeConstructor->NewInstance(2, argv);
                                ^~
../ext/bson.cc:526:36: error: base operand of ‘->’ has non-pointer type ‘v8::Persistent<v8::Function>’
    return bson->objectIDConstructor->NewInstance(1, argv);
                                    ^~
../ext/bson.cc:537:10: error: expected primary-expression before ‘*’ token
    Buffer* buffer = Buffer::New(p, length);
          ^
../ext/bson.cc:537:12: error: ‘buffer’ was not declared in this scope
    Buffer* buffer = Buffer::New(p, length);
            ^~~~~~
../ext/bson.cc:537:42: error: no matching function for call to ‘New(char*&, uint32_t&)’
    Buffer* buffer = Buffer::New(p, length);
                                          ^
In file included from ../ext/bson.cc:24:0:
/home/delvison/.node-gyp/7.7.3/include/node/node_buffer.h:31:40: note: candidate: v8::MaybeLocal<v8::Object> node::Buffer::New(v8::Isolate*, size_t)
 NODE_EXTERN v8::MaybeLocal<v8::Object> New(v8::Isolate* isolate, size_t length);
                                        ^~~
/home/delvison/.node-gyp/7.7.3/include/node/node_buffer.h:31:40: note:   no known conversion for argument 1 from ‘char*’ to ‘v8::Isolate*’
/home/delvison/.node-gyp/7.7.3/include/node/node_buffer.h:34:40: note: candidate: v8::MaybeLocal<v8::Object> node::Buffer::New(v8::Isolate*, v8::Local<v8::String>, node::encoding)
 NODE_EXTERN v8::MaybeLocal<v8::Object> New(v8::Isolate* isolate,
                                        ^~~
/home/delvison/.node-gyp/7.7.3/include/node/node_buffer.h:34:40: note:   no known conversion for argument 1 from ‘char*’ to ‘v8::Isolate*’
/home/delvison/.node-gyp/7.7.3/include/node/node_buffer.h:39:40: note: candidate: v8::MaybeLocal<v8::Object> node::Buffer::New(v8::Isolate*, char*, size_t, node::Buffer::FreeCallback, void*)
 NODE_EXTERN v8::MaybeLocal<v8::Object> New(v8::Isolate* isolate,
                                        ^~~
/home/delvison/.node-gyp/7.7.3/include/node/node_buffer.h:39:40: note:   candidate expects 5 arguments, 2 provided
/home/delvison/.node-gyp/7.7.3/include/node/node_buffer.h:46:40: note: candidate: v8::MaybeLocal<v8::Object> node::Buffer::New(v8::Isolate*, char*, size_t)
 NODE_EXTERN v8::MaybeLocal<v8::Object> New(v8::Isolate* isolate,
                                        ^~~
/home/delvison/.node-gyp/7.7.3/include/node/node_buffer.h:46:40: note:   candidate expects 3 arguments, 2 provided
../ext/bson.cc:540:65: error: no matching function for call to ‘v8::Uint32::New(uint32_t&)’
    Handle<Value> argv[] = { buffer->handle_, Uint32::New(subType) };
                                                                 ^
In file included from ../ext/bson.cc:14:0:
/home/delvison/.node-gyp/7.7.3/include/node/v8.h:2770:25: note: candidate: static v8::Local<v8::Integer> v8::Integer::New(v8::Isolate*, int32_t)
   static Local<Integer> New(Isolate* isolate, int32_t value);
                         ^~~
/home/delvison/.node-gyp/7.7.3/include/node/v8.h:2770:25: note:   candidate expects 2 arguments, 1 provided
../ext/bson.cc:541:34: error: base operand of ‘->’ has non-pointer type ‘v8::Persistent<v8::Function>’
    return bson->binaryConstructor->NewInstance(2, argv);
                                  ^~
../ext/bson.cc:558:35: error: no matching function for call to ‘v8::Number::New(int64_t&)’
      return Number::New(finalValue);
                                   ^
In file included from ../ext/bson.cc:14:0:
/home/delvison/.node-gyp/7.7.3/include/node/v8.h:2757:24: note: candidate: static v8::Local<v8::Number> v8::Number::New(v8::Isolate*, double)
   static Local<Number> New(Isolate* isolate, double value);
                        ^~~
/home/delvison/.node-gyp/7.7.3/include/node/v8.h:2757:24: note:   candidate expects 2 arguments, 1 provided
../ext/bson.cc:563:46: error: no matching function for call to ‘v8::Int32::New(int32_t&)’
    Local<Value> argv[] = { Int32::New(lowBits), Int32::New(highBits) };
                                              ^
In file included from ../ext/bson.cc:14:0:
/home/delvison/.node-gyp/7.7.3/include/node/v8.h:2770:25: note: candidate: static v8::Local<v8::Integer> v8::Integer::New(v8::Isolate*, int32_t)
   static Local<Integer> New(Isolate* isolate, int32_t value);
                         ^~~
/home/delvison/.node-gyp/7.7.3/include/node/v8.h:2770:25: note:   candidate expects 2 arguments, 1 provided
../ext/bson.cc:563:68: error: no matching function for call to ‘v8::Int32::New(int32_t&)’
    Local<Value> argv[] = { Int32::New(lowBits), Int32::New(highBits) };
                                                                    ^
In file included from ../ext/bson.cc:14:0:
/home/delvison/.node-gyp/7.7.3/include/node/v8.h:2770:25: note: candidate: static v8::Local<v8::Integer> v8::Integer::New(v8::Isolate*, int32_t)
   static Local<Integer> New(Isolate* isolate, int32_t value);
                         ^~~
/home/delvison/.node-gyp/7.7.3/include/node/v8.h:2770:25: note:   candidate expects 2 arguments, 1 provided
../ext/bson.cc:564:32: error: base operand of ‘->’ has non-pointer type ‘v8::Persistent<v8::Function>’
    return bson->longConstructor->NewInstance(2, argv);
                                ^~
../ext/bson.cc:568:40: error: no matching function for call to ‘v8::Date::New(double)’
   return Date::New((double) ReadInt64());
                                        ^
In file included from /home/delvison/.node-gyp/7.7.3/include/node/v8.h:26:0,
                 from ../ext/bson.cc:14:
/home/delvison/.node-gyp/7.7.3/include/node/v8.h:4437:41: note: candidate: static v8::Local<v8::Value> v8::Date::New(v8::Isolate*, double)
                            Local<Value> New(Isolate* isolate, double time));
                                         ^
/home/delvison/.node-gyp/7.7.3/include/node/v8config.h:351:48: note: in definition of macro ‘V8_DEPRECATE_SOON’
 #define V8_DEPRECATE_SOON(message, declarator) declarator
                                                ^~~~~~~~~~
/home/delvison/.node-gyp/7.7.3/include/node/v8.h:4437:41: note:   candidate expects 2 arguments, 1 provided
                            Local<Value> New(Isolate* isolate, double time));
                                         ^
/home/delvison/.node-gyp/7.7.3/include/node/v8config.h:351:48: note: in definition of macro ‘V8_DEPRECATE_SOON’
 #define V8_DEPRECATE_SOON(message, declarator) declarator
                                                ^~~~~~~~~~
In file included from ../ext/bson.cc:14:0:
/home/delvison/.node-gyp/7.7.3/include/node/v8.h:4438:50: note: candidate: static v8::MaybeLocal<v8::Value> v8::Date::New(v8::Local<v8::Context>, double)
   static V8_WARN_UNUSED_RESULT MaybeLocal<Value> New(Local<Context> context,
                                                  ^~~
/home/delvison/.node-gyp/7.7.3/include/node/v8.h:4438:50: note:   candidate expects 2 arguments, 1 provided
../ext/bson.cc:580:34: error: base operand of ‘->’ has non-pointer type ‘v8::Persistent<v8::Function>’
    return bson->symbolConstructor->NewInstance(1, argv);
                                  ^~
../ext/bson.cc:584:33: error: base operand of ‘->’ has non-pointer type ‘v8::Persistent<v8::Function>’
   return bson->minKeyConstructor->NewInstance();
                                 ^~
../ext/bson.cc:587:33: error: base operand of ‘->’ has non-pointer type ‘v8::Persistent<v8::Function>’
   return bson->maxKeyConstructor->NewInstance();
                                 ^~
../ext/bson.cc:593:18: error: too few arguments to function ‘v8::Local<v8::Primitive> v8::Null(v8::Isolate*)’
  return v8::Null();
                  ^
In file included from ../ext/bson.cc:14:0:
/home/delvison/.node-gyp/7.7.3/include/node/v8.h:328:27: note: declared here
   friend Local<Primitive> Null(Isolate* isolate);
                           ^~~~
../ext/bson.cc: In function ‘v8::Handle<v8::Value> VException(const char*)’:
../ext/bson.cc:599:14: error: ‘v8::HandleScope::HandleScope()’ is protected within this context
  HandleScope scope;
              ^~~~~
In file included from ../ext/bson.cc:14:0:
/home/delvison/.node-gyp/7.7.3/include/node/v8.h:908:13: note: declared protected here
   V8_INLINE HandleScope() {}
             ^~~~~~~~~~~
../ext/bson.cc:600:41: error: ‘New’ is not a member of ‘v8::String’
  return ThrowException(Exception::Error(String::New(msg)));
                                         ^~~~~~
../ext/bson.cc:600:58: error: ‘ThrowException’ was not declared in this scope
  return ThrowException(Exception::Error(String::New(msg)));
                                                          ^
../ext/bson.cc: In constructor ‘BSON::BSON()’:
../ext/bson.cc:608:44: error: ‘New’ is not a member of ‘v8::String’
  _bsontypeString = Persistent<String>::New(String::New("_bsontype"));
                                            ^~~~~~
../ext/bson.cc:609:43: error: ‘New’ is not a member of ‘v8::String’
  _longLowString = Persistent<String>::New(String::New("low_"));
                                           ^~~~~~
../ext/bson.cc:610:44: error: ‘New’ is not a member of ‘v8::String’
  _longHighString = Persistent<String>::New(String::New("high_"));
                                            ^~~~~~
../ext/bson.cc:611:46: error: ‘New’ is not a member of ‘v8::String’
  _objectIDidString = Persistent<String>::New(String::New("id"));
                                              ^~~~~~
../ext/bson.cc:612:50: error: ‘New’ is not a member of ‘v8::String’
  _binaryPositionString = Persistent<String>::New(String::New("position"));
                                                  ^~~~~~
../ext/bson.cc:613:49: error: ‘New’ is not a member of ‘v8::String’
  _binarySubTypeString = Persistent<String>::New(String::New("sub_type"));
                                                 ^~~~~~
../ext/bson.cc:614:48: error: ‘New’ is not a member of ‘v8::String’
  _binaryBufferString = Persistent<String>::New(String::New("buffer"));
                                                ^~~~~~
../ext/bson.cc:615:47: error: ‘New’ is not a member of ‘v8::String’
  _doubleValueString = Persistent<String>::New(String::New("value"));
                                               ^~~~~~
../ext/bson.cc:616:47: error: ‘New’ is not a member of ‘v8::String’
  _symbolValueString = Persistent<String>::New(String::New("value"));
                                               ^~~~~~
../ext/bson.cc:617:44: error: ‘New’ is not a member of ‘v8::String’
  _dbRefRefString = Persistent<String>::New(String::New("$ref"));
                                            ^~~~~~
../ext/bson.cc:618:46: error: ‘New’ is not a member of ‘v8::String’
  _dbRefIdRefString = Persistent<String>::New(String::New("$id"));
                                              ^~~~~~
../ext/bson.cc:619:46: error: ‘New’ is not a member of ‘v8::String’
  _dbRefDbRefString = Persistent<String>::New(String::New("$db"));
                                              ^~~~~~
../ext/bson.cc:620:50: error: ‘New’ is not a member of ‘v8::String’
  _dbRefNamespaceString = Persistent<String>::New(String::New("namespace"));
                                                  ^~~~~~
../ext/bson.cc:621:43: error: ‘New’ is not a member of ‘v8::String’
  _dbRefDbString = Persistent<String>::New(String::New("db"));
                                           ^~~~~~
../ext/bson.cc:622:44: error: ‘New’ is not a member of ‘v8::String’
  _dbRefOidString = Persistent<String>::New(String::New("oid"));
                                            ^~~~~~
../ext/bson.cc:623:44: error: ‘New’ is not a member of ‘v8::String’
  _codeCodeString = Persistent<String>::New(String::New("code"));
                                            ^~~~~~
../ext/bson.cc:624:45: error: ‘New’ is not a member of ‘v8::String’
  _codeScopeString = Persistent<String>::New(String::New("scope"));
                                             ^~~~~~
../ext/bson.cc:625:42: error: ‘New’ is not a member of ‘v8::String’
  _toBSONString = Persistent<String>::New(String::New("toBSON"));
                                          ^~~~~~
../ext/bson.cc:627:39: error: ‘New’ is not a member of ‘v8::String’
  longString = Persistent<String>::New(String::New("Long"));
                                       ^~~~~~
../ext/bson.cc:628:43: error: ‘New’ is not a member of ‘v8::String’
  objectIDString = Persistent<String>::New(String::New("ObjectID"));
                                           ^~~~~~
../ext/bson.cc:629:41: error: ‘New’ is not a member of ‘v8::String’
  binaryString = Persistent<String>::New(String::New("Binary"));
                                         ^~~~~~
../ext/bson.cc:630:39: error: ‘New’ is not a member of ‘v8::String’
  codeString = Persistent<String>::New(String::New("Code"));
                                       ^~~~~~
../ext/bson.cc:631:40: error: ‘New’ is not a member of ‘v8::String’
  dbrefString = Persistent<String>::New(String::New("DBRef"));
                                        ^~~~~~
../ext/bson.cc:632:41: error: ‘New’ is not a member of ‘v8::String’
  symbolString = Persistent<String>::New(String::New("Symbol"));
                                         ^~~~~~
../ext/bson.cc:633:41: error: ‘New’ is not a member of ‘v8::String’
  doubleString = Persistent<String>::New(String::New("Double"));
                                         ^~~~~~
../ext/bson.cc:634:44: error: ‘New’ is not a member of ‘v8::String’
  timestampString = Persistent<String>::New(String::New("Timestamp"));
                                            ^~~~~~
../ext/bson.cc:635:41: error: ‘New’ is not a member of ‘v8::String’
  minKeyString = Persistent<String>::New(String::New("MinKey"));
                                         ^~~~~~
../ext/bson.cc:636:41: error: ‘New’ is not a member of ‘v8::String’
  maxKeyString = Persistent<String>::New(String::New("MaxKey"));
                                         ^~~~~~
../ext/bson.cc: In static member function ‘static void BSON::Initialize(v8::Handle<v8::Object>)’:
../ext/bson.cc:642:14: error: ‘v8::HandleScope::HandleScope()’ is protected within this context
  HandleScope scope;
              ^~~~~
In file included from ../ext/bson.cc:14:0:
/home/delvison/.node-gyp/7.7.3/include/node/v8.h:908:13: note: declared protected here
   V8_INLINE HandleScope() {}
             ^~~~~~~~~~~
../ext/bson.cc:644:55: error: no matching function for call to ‘v8::FunctionTemplate::New(v8::Handle<v8::Value> (&)(const int&))’
  Local<FunctionTemplate> t = FunctionTemplate::New(New);
                                                       ^
In file included from ../ext/bson.cc:14:0:
/home/delvison/.node-gyp/7.7.3/include/node/v8.h:5078:34: note: candidate: static v8::Local<v8::FunctionTemplate> v8::FunctionTemplate::New(v8::Isolate*, v8::FunctionCallback, v8::Local<v8::Value>, v8::Local<v8::Signature>, int, v8::ConstructorBehavior)
   static Local<FunctionTemplate> New(
                                  ^~~
/home/delvison/.node-gyp/7.7.3/include/node/v8.h:5078:34: note:   no known conversion for argument 1 from ‘v8::Handle<v8::Value>(const int&) {aka v8::Local<v8::Value>(const int&)}’ to ‘v8::Isolate*’
../ext/bson.cc:645:60: error: no matching function for call to ‘v8::Persistent<v8::FunctionTemplate>::New(v8::Local<v8::FunctionTemplate>&)’
  constructor_template = Persistent<FunctionTemplate>::New(t);
                                                            ^
In file included from ../ext/bson.cc:14:0:
/home/delvison/.node-gyp/7.7.3/include/node/v8.h:8421:4: note: candidate: static T* v8::PersistentBase<T>::New(v8::Isolate*, T*) [with T = v8::FunctionTemplate]
 T* PersistentBase<T>::New(Isolate* isolate, T* that) {
    ^~~~~~~~~~~~~~~~~
/home/delvison/.node-gyp/7.7.3/include/node/v8.h:8421:4: note:   candidate expects 2 arguments, 1 provided
../ext/bson.cc:646:22: error: base operand of ‘->’ has non-pointer type ‘v8::Persistent<v8::FunctionTemplate>’
  constructor_template->InstanceTemplate()->SetInternalFieldCount(1);
                      ^~
../ext/bson.cc:647:22: error: base operand of ‘->’ has non-pointer type ‘v8::Persistent<v8::FunctionTemplate>’
  constructor_template->SetClassName(String::NewSymbol("BSON"));
                      ^~
../ext/bson.cc:647:37: error: ‘NewSymbol’ is not a member of ‘v8::String’
  constructor_template->SetClassName(String::NewSymbol("BSON"));
                                     ^~~~~~
../ext/bson.cc:650:92: error: could not convert ‘BSON::constructor_template’ from ‘v8::Persistent<v8::FunctionTemplate>’ to ‘v8::Local<v8::FunctionTemplate>’
  NODE_SET_PROTOTYPE_METHOD(constructor_template, "calculateObjectSize", CalculateObjectSize);
                                                                                            ^
../ext/bson.cc:651:76: error: could not convert ‘BSON::constructor_template’ from ‘v8::Persistent<v8::FunctionTemplate>’ to ‘v8::Local<v8::FunctionTemplate>’
  NODE_SET_PROTOTYPE_METHOD(constructor_template, "serialize", BSONSerialize);
                                                                            ^
../ext/bson.cc:652:108: error: could not convert ‘BSON::constructor_template’ from ‘v8::Persistent<v8::FunctionTemplate>’ to ‘v8::Local<v8::FunctionTemplate>’
  NODE_SET_PROTOTYPE_METHOD(constructor_template, "serializeWithBufferAndIndex", SerializeWithBufferAndIndex);
                                                                                                            ^
../ext/bson.cc:653:80: error: could not convert ‘BSON::constructor_template’ from ‘v8::Persistent<v8::FunctionTemplate>’ to ‘v8::Local<v8::FunctionTemplate>’
  NODE_SET_PROTOTYPE_METHOD(constructor_template, "deserialize", BSONDeserialize);
                                                                                ^
../ext/bson.cc:654:92: error: could not convert ‘BSON::constructor_template’ from ‘v8::Persistent<v8::FunctionTemplate>’ to ‘v8::Local<v8::FunctionTemplate>’
  NODE_SET_PROTOTYPE_METHOD(constructor_template, "deserializeStream", BSONDeserializeStream);
                                                                                            ^
../ext/bson.cc:656:19: error: ‘NewSymbol’ is not a member of ‘v8::String’
  target->ForceSet(String::NewSymbol("BSON"), constructor_template->GetFunction());
                   ^~~~~~
../ext/bson.cc:656:66: error: base operand of ‘->’ has non-pointer type ‘v8::Persistent<v8::FunctionTemplate>’
  target->ForceSet(String::NewSymbol("BSON"), constructor_template->GetFunction());
                                                                  ^~
../ext/bson.cc: At global scope:
../ext/bson.cc:660:31: error: ‘Arguments’ does not name a type
 Handle<Value> BSON::New(const Arguments &args)
                               ^~~~~~~~~
../ext/bson.cc: In static member function ‘static v8::Handle<v8::Value> BSON::New(const int&)’:
../ext/bson.cc:662:14: error: ‘v8::HandleScope::HandleScope()’ is protected within this context
  HandleScope scope;
              ^~~~~
In file included from ../ext/bson.cc:14:0:
/home/delvison/.node-gyp/7.7.3/include/node/v8.h:908:13: note: declared protected here
   V8_INLINE HandleScope() {}
             ^~~~~~~~~~~
../ext/bson.cc:665:10: error: request for member ‘Length’ in ‘args’, which is of non-class type ‘const int’
  if(args.Length() == 1 && args[0]->IsArray())
          ^~~~~~
../ext/bson.cc:665:33: error: invalid types ‘const int[int]’ for array subscript
  if(args.Length() == 1 && args[0]->IsArray())
                                 ^
../ext/bson.cc:668:49: error: invalid types ‘const int[int]’ for array subscript
   Local<Array> array = Local<Array>::Cast(args[0]);
                                                 ^
../ext/bson.cc:684:51: error: no matching function for call to ‘v8::String::StrictEquals(v8::Persistent<v8::String>&)’
     if(functionName->StrictEquals(bson->longString)) {
                                                   ^
In file included from ../ext/bson.cc:14:0:
/home/delvison/.node-gyp/7.7.3/include/node/v8.h:2256:8: note: candidate: bool v8::Value::StrictEquals(v8::Local<v8::Value>) const
   bool StrictEquals(Local<Value> that) const;
        ^~~~~~~~~~~~
/home/delvison/.node-gyp/7.7.3/include/node/v8.h:2256:8: note:   no known conversion for argument 1 from ‘v8::Persistent<v8::String>’ to ‘v8::Local<v8::Value>’
../ext/bson.cc:685:60: error: no matching function for call to ‘v8::Persistent<v8::Function>::New(v8::Local<v8::Function>&)’
      bson->longConstructor = Persistent<Function>::New(func);
                                                            ^
In file included from ../ext/bson.cc:14:0:
/home/delvison/.node-gyp/7.7.3/include/node/v8.h:8421:4: note: candidate: static T* v8::PersistentBase<T>::New(v8::Isolate*, T*) [with T = v8::Function]
 T* PersistentBase<T>::New(Isolate* isolate, T* that) {
    ^~~~~~~~~~~~~~~~~
/home/delvison/.node-gyp/7.7.3/include/node/v8.h:8421:4: note:   candidate expects 2 arguments, 1 provided
../ext/bson.cc:687:62: error: no matching function for call to ‘v8::String::StrictEquals(v8::Persistent<v8::String>&)’
     } else if(functionName->StrictEquals(bson->objectIDString)) {
                                                              ^
In file included from ../ext/bson.cc:14:0:
/home/delvison/.node-gyp/7.7.3/include/node/v8.h:2256:8: note: candidate: bool v8::Value::StrictEquals(v8::Local<v8::Value>) const
   bool StrictEquals(Local<Value> that) const;
        ^~~~~~~~~~~~
/home/delvison/.node-gyp/7.7.3/include/node/v8.h:2256:8: note:   no known conversion for argument 1 from ‘v8::Persistent<v8::String>’ to ‘v8::Local<v8::Value>’
../ext/bson.cc:688:64: error: no matching function for call to ‘v8::Persistent<v8::Function>::New(v8::Local<v8::Function>&)’
      bson->objectIDConstructor = Persistent<Function>::New(func);
                                                                ^
In file included from ../ext/bson.cc:14:0:
/home/delvison/.node-gyp/7.7.3/include/node/v8.h:8421:4: note: candidate: static T* v8::PersistentBase<T>::New(v8::Isolate*, T*) [with T = v8::Function]
 T* PersistentBase<T>::New(Isolate* isolate, T* that) {
    ^~~~~~~~~~~~~~~~~
/home/delvison/.node-gyp/7.7.3/include/node/v8.h:8421:4: note:   candidate expects 2 arguments, 1 provided
../ext/bson.cc:690:60: error: no matching function for call to ‘v8::String::StrictEquals(v8::Persistent<v8::String>&)’
     } else if(functionName->StrictEquals(bson->binaryString)) {
                                                            ^
In file included from ../ext/bson.cc:14:0:
/home/delvison/.node-gyp/7.7.3/include/node/v8.h:2256:8: note: candidate: bool v8::Value::StrictEquals(v8::Local<v8::Value>) const
   bool StrictEquals(Local<Value> that) const;
        ^~~~~~~~~~~~
/home/delvison/.node-gyp/7.7.3/include/node/v8.h:2256:8: note:   no known conversion for argument 1 from ‘v8::Persistent<v8::String>’ to ‘v8::Local<v8::Value>’
../ext/bson.cc:691:62: error: no matching function for call to ‘v8::Persistent<v8::Function>::New(v8::Local<v8::Function>&)’
      bson->binaryConstructor = Persistent<Function>::New(func);
                                                              ^
In file included from ../ext/bson.cc:14:0:
/home/delvison/.node-gyp/7.7.3/include/node/v8.h:8421:4: note: candidate: static T* v8::PersistentBase<T>::New(v8::Isolate*, T*) [with T = v8::Function]
 T* PersistentBase<T>::New(Isolate* isolate, T* that) {
    ^~~~~~~~~~~~~~~~~
/home/delvison/.node-gyp/7.7.3/include/node/v8.h:8421:4: note:   candidate expects 2 arguments, 1 provided
../ext/bson.cc:693:58: error: no matching function for call to ‘v8::String::StrictEquals(v8::Persistent<v8::String>&)’
     } else if(functionName->StrictEquals(bson->codeString)) {
                                                          ^
In file included from ../ext/bson.cc:14:0:
/home/delvison/.node-gyp/7.7.3/include/node/v8.h:2256:8: note: candidate: bool v8::Value::StrictEquals(v8::Local<v8::Value>) const
   bool StrictEquals(Local<Value> that) const;
        ^~~~~~~~~~~~
/home/delvison/.node-gyp/7.7.3/include/node/v8.h:2256:8: note:   no known conversion for argument 1 from ‘v8::Persistent<v8::String>’ to ‘v8::Local<v8::Value>’
../ext/bson.cc:694:60: error: no matching function for call to ‘v8::Persistent<v8::Function>::New(v8::Local<v8::Function>&)’
      bson->codeConstructor = Persistent<Function>::New(func);
                                                            ^
In file included from ../ext/bson.cc:14:0:
/home/delvison/.node-gyp/7.7.3/include/node/v8.h:8421:4: note: candidate: static T* v8::PersistentBase<T>::New(v8::Isolate*, T*) [with T = v8::Function]
 T* PersistentBase<T>::New(Isolate* isolate, T* that) {
    ^~~~~~~~~~~~~~~~~
/home/delvison/.node-gyp/7.7.3/include/node/v8.h:8421:4: note:   candidate expects 2 arguments, 1 provided
../ext/bson.cc:696:59: error: no matching function for call to ‘v8::String::StrictEquals(v8::Persistent<v8::String>&)’
     } else if(functionName->StrictEquals(bson->dbrefString)) {
                                                           ^
In file included from ../ext/bson.cc:14:0:
/home/delvison/.node-gyp/7.7.3/include/node/v8.h:2256:8: note: candidate: bool v8::Value::StrictEquals(v8::Local<v8::Value>) const
   bool StrictEquals(Local<Value> that) const;
        ^~~~~~~~~~~~
/home/delvison/.node-gyp/7.7.3/include/node/v8.h:2256:8: note:   no known conversion for argument 1 from ‘v8::Persistent<v8::String>’ to ‘v8::Local<v8::Value>’
../ext/bson.cc:697:61: error: no matching function for call to ‘v8::Persistent<v8::Function>::New(v8::Local<v8::Function>&)’
      bson->dbrefConstructor = Persistent<Function>::New(func);
                                                             ^
In file included from ../ext/bson.cc:14:0:
/home/delvison/.node-gyp/7.7.3/include/node/v8.h:8421:4: note: candidate: static T* v8::PersistentBase<T>::New(v8::Isolate*, T*) [with T = v8::Function]
 T* PersistentBase<T>::New(Isolate* isolate, T* that) {
    ^~~~~~~~~~~~~~~~~
/home/delvison/.node-gyp/7.7.3/include/node/v8.h:8421:4: note:   candidate expects 2 arguments, 1 provided
../ext/bson.cc:699:60: error: no matching function for call to ‘v8::String::StrictEquals(v8::Persistent<v8::String>&)’
     } else if(functionName->StrictEquals(bson->symbolString)) {
                                                            ^
In file included from ../ext/bson.cc:14:0:
/home/delvison/.node-gyp/7.7.3/include/node/v8.h:2256:8: note: candidate: bool v8::Value::StrictEquals(v8::Local<v8::Value>) const
   bool StrictEquals(Local<Value> that) const;
        ^~~~~~~~~~~~
/home/delvison/.node-gyp/7.7.3/include/node/v8.h:2256:8: note:   no known conversion for argument 1 from ‘v8::Persistent<v8::String>’ to ‘v8::Local<v8::Value>’
../ext/bson.cc:700:62: error: no matching function for call to ‘v8::Persistent<v8::Function>::New(v8::Local<v8::Function>&)’
      bson->symbolConstructor = Persistent<Function>::New(func);
                                                              ^
In file included from ../ext/bson.cc:14:0:
/home/delvison/.node-gyp/7.7.3/include/node/v8.h:8421:4: note: candidate: static T* v8::PersistentBase<T>::New(v8::Isolate*, T*) [with T = v8::Function]
 T* PersistentBase<T>::New(Isolate* isolate, T* that) {
    ^~~~~~~~~~~~~~~~~
/home/delvison/.node-gyp/7.7.3/include/node/v8.h:8421:4: note:   candidate expects 2 arguments, 1 provided
../ext/bson.cc:702:60: error: no matching function for call to ‘v8::String::StrictEquals(v8::Persistent<v8::String>&)’
     } else if(functionName->StrictEquals(bson->doubleString)) {
                                                            ^
In file included from ../ext/bson.cc:14:0:
/home/delvison/.node-gyp/7.7.3/include/node/v8.h:2256:8: note: candidate: bool v8::Value::StrictEquals(v8::Local<v8::Value>) const
   bool StrictEquals(Local<Value> that) const;
        ^~~~~~~~~~~~
/home/delvison/.node-gyp/7.7.3/include/node/v8.h:2256:8: note:   no known conversion for argument 1 from ‘v8::Persistent<v8::String>’ to ‘v8::Local<v8::Value>’
../ext/bson.cc:703:62: error: no matching function for call to ‘v8::Persistent<v8::Function>::New(v8::Local<v8::Function>&)’
      bson->doubleConstructor = Persistent<Function>::New(func);
                                                              ^
In file included from ../ext/bson.cc:14:0:
/home/delvison/.node-gyp/7.7.3/include/node/v8.h:8421:4: note: candidate: static T* v8::PersistentBase<T>::New(v8::Isolate*, T*) [with T = v8::Function]
 T* PersistentBase<T>::New(Isolate* isolate, T* that) {
    ^~~~~~~~~~~~~~~~~
/home/delvison/.node-gyp/7.7.3/include/node/v8.h:8421:4: note:   candidate expects 2 arguments, 1 provided
../ext/bson.cc:705:63: error: no matching function for call to ‘v8::String::StrictEquals(v8::Persistent<v8::String>&)’
     } else if(functionName->StrictEquals(bson->timestampString)) {
                                                               ^
In file included from ../ext/bson.cc:14:0:
/home/delvison/.node-gyp/7.7.3/include/node/v8.h:2256:8: note: candidate: bool v8::Value::StrictEquals(v8::Local<v8::Value>) const
   bool StrictEquals(Local<Value> that) const;
        ^~~~~~~~~~~~
/home/delvison/.node-gyp/7.7.3/include/node/v8.h:2256:8: note:   no known conversion for argument 1 from ‘v8::Persistent<v8::String>’ to ‘v8::Local<v8::Value>’
../ext/bson.cc:706:65: error: no matching function for call to ‘v8::Persistent<v8::Function>::New(v8::Local<v8::Function>&)’
      bson->timestampConstructor = Persistent<Function>::New(func);
                                                                 ^
In file included from ../ext/bson.cc:14:0:
/home/delvison/.node-gyp/7.7.3/include/node/v8.h:8421:4: note: candidate: static T* v8::PersistentBase<T>::New(v8::Isolate*, T*) [with T = v8::Function]
 T* PersistentBase<T>::New(Isolate* isolate, T* that) {
    ^~~~~~~~~~~~~~~~~
/home/delvison/.node-gyp/7.7.3/include/node/v8.h:8421:4: note:   candidate expects 2 arguments, 1 provided
../ext/bson.cc:708:60: error: no matching function for call to ‘v8::String::StrictEquals(v8::Persistent<v8::String>&)’
     } else if(functionName->StrictEquals(bson->minKeyString)) {
                                                            ^
In file included from ../ext/bson.cc:14:0:
/home/delvison/.node-gyp/7.7.3/include/node/v8.h:2256:8: note: candidate: bool v8::Value::StrictEquals(v8::Local<v8::Value>) const
   bool StrictEquals(Local<Value> that) const;
        ^~~~~~~~~~~~
/home/delvison/.node-gyp/7.7.3/include/node/v8.h:2256:8: note:   no known conversion for argument 1 from ‘v8::Persistent<v8::String>’ to ‘v8::Local<v8::Value>’
../ext/bson.cc:709:62: error: no matching function for call to ‘v8::Persistent<v8::Function>::New(v8::Local<v8::Function>&)’
      bson->minKeyConstructor = Persistent<Function>::New(func);
                                                              ^
In file included from ../ext/bson.cc:14:0:
/home/delvison/.node-gyp/7.7.3/include/node/v8.h:8421:4: note: candidate: static T* v8::PersistentBase<T>::New(v8::Isolate*, T*) [with T = v8::Function]
 T* PersistentBase<T>::New(Isolate* isolate, T* that) {
    ^~~~~~~~~~~~~~~~~
/home/delvison/.node-gyp/7.7.3/include/node/v8.h:8421:4: note:   candidate expects 2 arguments, 1 provided
../ext/bson.cc:711:60: error: no matching function for call to ‘v8::String::StrictEquals(v8::Persistent<v8::String>&)’
     } else if(functionName->StrictEquals(bson->maxKeyString)) {
                                                            ^
In file included from ../ext/bson.cc:14:0:
/home/delvison/.node-gyp/7.7.3/include/node/v8.h:2256:8: note: candidate: bool v8::Value::StrictEquals(v8::Local<v8::Value>) const
   bool StrictEquals(Local<Value> that) const;
        ^~~~~~~~~~~~
/home/delvison/.node-gyp/7.7.3/include/node/v8.h:2256:8: note:   no known conversion for argument 1 from ‘v8::Persistent<v8::String>’ to ‘v8::Local<v8::Value>’
../ext/bson.cc:712:62: error: no matching function for call to ‘v8::Persistent<v8::Function>::New(v8::Local<v8::Function>&)’
      bson->maxKeyConstructor = Persistent<Function>::New(func);
                                                              ^
In file included from ../ext/bson.cc:14:0:
/home/delvison/.node-gyp/7.7.3/include/node/v8.h:8421:4: note: candidate: static T* v8::PersistentBase<T>::New(v8::Isolate*, T*) [with T = v8::Function]
 T* PersistentBase<T>::New(Isolate* isolate, T* that) {
    ^~~~~~~~~~~~~~~~~
/home/delvison/.node-gyp/7.7.3/include/node/v8.h:8421:4: note:   candidate expects 2 arguments, 1 provided
../ext/bson.cc:722:21: error: request for member ‘This’ in ‘args’, which is of non-class type ‘const int’
     bson->Wrap(args.This());
                     ^~~~
../ext/bson.cc:723:17: error: request for member ‘This’ in ‘args’, which is of non-class type ‘const int’
     return args.This();
                 ^~~~
../ext/bson.cc: At global scope:
../ext/bson.cc:742:43: error: ‘Arguments’ does not name a type
 Handle<Value> BSON::BSONDeserialize(const Arguments &args)
                                           ^~~~~~~~~
../ext/bson.cc: In static member function ‘static v8::Handle<v8::Value> BSON::BSONDeserialize(const int&)’:
../ext/bson.cc:744:14: error: ‘v8::HandleScope::HandleScope()’ is protected within this context
  HandleScope scope;
              ^~~~~
In file included from ../ext/bson.cc:14:0:
/home/delvison/.node-gyp/7.7.3/include/node/v8.h:908:13: note: declared protected here
   V8_INLINE HandleScope() {}
             ^~~~~~~~~~~
../ext/bson.cc:747:10: error: request for member ‘Length’ in ‘args’, which is of non-class type ‘const int’
  if(args.Length() > 1 && !args[0]->IsString() && !Buffer::HasInstance(args[0]))
          ^~~~~~
../ext/bson.cc:747:33: error: invalid types ‘const int[int]’ for array subscript
  if(args.Length() > 1 && !args[0]->IsString() && !Buffer::HasInstance(args[0]))
                                 ^
../ext/bson.cc:747:77: error: invalid types ‘const int[int]’ for array subscript
  if(args.Length() > 1 && !args[0]->IsString() && !Buffer::HasInstance(args[0]))
                                                                             ^
../ext/bson.cc:754:10: error: request for member ‘Length’ in ‘args’, which is of non-class type ‘const int’
  if(args.Length() == 2 && args[1]->IsObject()) {
          ^~~~~~
../ext/bson.cc:754:33: error: invalid types ‘const int[int]’ for array subscript
  if(args.Length() == 2 && args[1]->IsObject()) {
                                 ^
../ext/bson.cc:755:33: error: invalid types ‘const int[int]’ for array subscript
   Local<Object> options = args[1]->ToObject();
                                 ^
../ext/bson.cc:757:19: error: ‘New’ is not a member of ‘v8::String’
   if(options->Has(String::New("promoteLongs"))) {
                   ^~~~~~
../ext/bson.cc:758:32: error: ‘New’ is not a member of ‘v8::String’
    promoteLongs = options->Get(String::New("promoteLongs"))->ToBoolean()->Value();
                                ^~~~~~
../ext/bson.cc:763:28: error: invalid types ‘const int[int]’ for array subscript
  Local<Object> obj = args[0]->ToObject();
                            ^
../ext/bson.cc:766:45: error: request for member ‘This’ in ‘args’, which is of non-class type ‘const int’
  BSON *bson = ObjectWrap::Unwrap<BSON>(args.This());
                                             ^~~~
../ext/bson.cc:800:35: error: invalid types ‘const int[int]’ for array subscript
   ssize_t len = DecodeBytes(args[0], BINARY);
                                   ^
../ext/bson.cc:807:32: error: invalid types ‘const int[int]’ for array subscript
   DecodeWrite(data, len, args[0], BINARY);
                                ^
../ext/bson.cc: In member function ‘v8::Local<v8::Object> BSON::GetSerializeObject(v8::Handle<v8::Value>&)’:
../ext/bson.cc:831:30: error: no matching function for call to ‘v8::Object::Has(v8::Persistent<v8::String>&)’
  if(object->Has(_toBSONString))
                              ^
In file included from /home/delvison/.node-gyp/7.7.3/include/node/v8.h:26:0,
                 from ../ext/bson.cc:14:
/home/delvison/.node-gyp/7.7.3/include/node/v8.h:2989:47: note: candidate: bool v8::Object::Has(v8::Local<v8::Value>)
   V8_DEPRECATE_SOON("Use maybe version", bool Has(Local<Value> key));
                                               ^
/home/delvison/.node-gyp/7.7.3/include/node/v8config.h:351:48: note: in definition of macro ‘V8_DEPRECATE_SOON’
 #define V8_DEPRECATE_SOON(message, declarator) declarator
                                                ^~~~~~~~~~
/home/delvison/.node-gyp/7.7.3/include/node/v8.h:2989:47: note:   no known conversion for argument 1 from ‘v8::Persistent<v8::String>’ to ‘v8::Local<v8::Value>’
   V8_DEPRECATE_SOON("Use maybe version", bool Has(Local<Value> key));
                                               ^
/home/delvison/.node-gyp/7.7.3/include/node/v8config.h:351:48: note: in definition of macro ‘V8_DEPRECATE_SOON’
 #define V8_DEPRECATE_SOON(message, declarator) declarator
                                                ^~~~~~~~~~
In file included from ../ext/bson.cc:14:0:
/home/delvison/.node-gyp/7.7.3/include/node/v8.h:3005:37: note: candidate: v8::Maybe<bool> v8::Object::Has(v8::Local<v8::Context>, v8::Local<v8::Value>)
   V8_WARN_UNUSED_RESULT Maybe<bool> Has(Local<Context> context,
                                     ^~~
/home/delvison/.node-gyp/7.7.3/include/node/v8.h:3005:37: note:   candidate expects 2 arguments, 1 provided
In file included from /home/delvison/.node-gyp/7.7.3/include/node/v8.h:26:0,
                 from ../ext/bson.cc:14:
/home/delvison/.node-gyp/7.7.3/include/node/v8.h:3012:43: note: candidate: bool v8::Object::Has(uint32_t)
   V8_DEPRECATED("Use maybe version", bool Has(uint32_t index));
                                           ^
/home/delvison/.node-gyp/7.7.3/include/node/v8config.h:329:3: note: in definition of macro ‘V8_DEPRECATED’
   declarator __attribute__((deprecated(message)))
   ^~~~~~~~~~
/home/delvison/.node-gyp/7.7.3/include/node/v8.h:3012:43: note:   no known conversion for argument 1 from ‘v8::Persistent<v8::String>’ to ‘uint32_t {aka unsigned int}’
   V8_DEPRECATED("Use maybe version", bool Has(uint32_t index));
                                           ^
/home/delvison/.node-gyp/7.7.3/include/node/v8config.h:329:3: note: in definition of macro ‘V8_DEPRECATED’
   declarator __attribute__((deprecated(message)))
   ^~~~~~~~~~
In file included from ../ext/bson.cc:14:0:
/home/delvison/.node-gyp/7.7.3/include/node/v8.h:3013:37: note: candidate: v8::Maybe<bool> v8::Object::Has(v8::Local<v8::Context>, uint32_t)
   V8_WARN_UNUSED_RESULT Maybe<bool> Has(Local<Context> context, uint32_t index);
                                     ^~~
/home/delvison/.node-gyp/7.7.3/include/node/v8.h:3013:37: note:   candidate expects 2 arguments, 1 provided
../ext/bson.cc:833:57: error: no matching function for call to ‘v8::Object::Get(v8::Persistent<v8::String>&)’
   const Local<Value>& toBSON = object->Get(_toBSONString);
                                                         ^
In file included from /home/delvison/.node-gyp/7.7.3/include/node/v8.h:26:0,
                 from ../ext/bson.cc:14:
/home/delvison/.node-gyp/7.7.3/include/node/v8.h:2963:55: note: candidate: v8::Local<v8::Value> v8::Object::Get(v8::Local<v8::Value>)
   V8_DEPRECATE_SOON("Use maybe version", Local<Value> Get(Local<Value> key));
                                                       ^
/home/delvison/.node-gyp/7.7.3/include/node/v8config.h:351:48: note: in definition of macro ‘V8_DEPRECATE_SOON’
 #define V8_DEPRECATE_SOON(message, declarator) declarator
                                                ^~~~~~~~~~
/home/delvison/.node-gyp/7.7.3/include/node/v8.h:2963:55: note:   no known conversion for argument 1 from ‘v8::Persistent<v8::String>’ to ‘v8::Local<v8::Value>’
   V8_DEPRECATE_SOON("Use maybe version", Local<Value> Get(Local<Value> key));
                                                       ^
/home/delvison/.node-gyp/7.7.3/include/node/v8config.h:351:48: note: in definition of macro ‘V8_DEPRECATE_SOON’
 #define V8_DEPRECATE_SOON(message, declarator) declarator
                                                ^~~~~~~~~~
In file included from ../ext/bson.cc:14:0:
/home/delvison/.node-gyp/7.7.3/include/node/v8.h:2964:43: note: candidate: v8::MaybeLocal<v8::Value> v8::Object::Get(v8::Local<v8::Context>, v8::Local<v8::Value>)
   V8_WARN_UNUSED_RESULT MaybeLocal<Value> Get(Local<Context> context,
                                           ^~~
/home/delvison/.node-gyp/7.7.3/include/node/v8.h:2964:43: note:   candidate expects 2 arguments, 1 provided
In file included from /home/delvison/.node-gyp/7.7.3/include/node/v8.h:26:0,
                 from ../ext/bson.cc:14:
/home/delvison/.node-gyp/7.7.3/include/node/v8.h:2967:55: note: candidate: v8::Local<v8::Value> v8::Object::Get(uint32_t)
   V8_DEPRECATE_SOON("Use maybe version", Local<Value> Get(uint32_t index));
                                                       ^
/home/delvison/.node-gyp/7.7.3/include/node/v8config.h:351:48: note: in definition of macro ‘V8_DEPRECATE_SOON’
 #define V8_DEPRECATE_SOON(message, declarator) declarator
                                                ^~~~~~~~~~
/home/delvison/.node-gyp/7.7.3/include/node/v8.h:2967:55: note:   no known conversion for argument 1 from ‘v8::Persistent<v8::String>’ to ‘uint32_t {aka unsigned int}’
   V8_DEPRECATE_SOON("Use maybe version", Local<Value> Get(uint32_t index));
                                                       ^
/home/delvison/.node-gyp/7.7.3/include/node/v8config.h:351:48: note: in definition of macro ‘V8_DEPRECATE_SOON’
 #define V8_DEPRECATE_SOON(message, declarator) declarator
                                                ^~~~~~~~~~
In file included from ../ext/bson.cc:14:0:
/home/delvison/.node-gyp/7.7.3/include/node/v8.h:2968:43: note: candidate: v8::MaybeLocal<v8::Value> v8::Object::Get(v8::Local<v8::Context>, uint32_t)
   V8_WARN_UNUSED_RESULT MaybeLocal<Value> Get(Local<Context> context,
                                           ^~~
/home/delvison/.node-gyp/7.7.3/include/node/v8.h:2968:43: note:   candidate expects 2 arguments, 1 provided
../ext/bson.cc: At global scope:
../ext/bson.cc:846:41: error: ‘Arguments’ does not name a type
 Handle<Value> BSON::BSONSerialize(const Arguments &args)
                                         ^~~~~~~~~
../ext/bson.cc: In static member function ‘static v8::Handle<v8::Value> BSON::BSONSerialize(const int&)’:
../ext/bson.cc:848:14: error: ‘v8::HandleScope::HandleScope()’ is protected within this context
  HandleScope scope;
              ^~~~~
In file included from ../ext/bson.cc:14:0:
/home/delvison/.node-gyp/7.7.3/include/node/v8.h:908:13: note: declared protected here
   V8_INLINE HandleScope() {}
             ^~~~~~~~~~~
../ext/bson.cc:850:10: error: request for member ‘Length’ in ‘args’, which is of non-class type ‘const int’
  if(args.Length() == 1 && !args[0]->IsObject()) return VException("One, two or tree arguments required - [object] or [object, boolean] or [object, boolean, boolean]");
          ^~~~~~
../ext/bson.cc:850:34: error: invalid types ‘const int[int]’ for array subscript
  if(args.Length() == 1 && !args[0]->IsObject()) return VException("One, two or tree arguments required - [object] or [object, boolean] or [object, boolean, boolean]");
                                  ^
../ext/bson.cc:851:10: error: request for member ‘Length’ in ‘args’, which is of non-class type ‘const int’
  if(args.Length() == 2 && !args[0]->IsObject() && !args[1]->IsBoolean()) return VException("One, two or tree arguments required - [object] or [object, boolean] or [object, boolean, boolean]");
          ^~~~~~
../ext/bson.cc:851:34: error: invalid types ‘const int[int]’ for array subscript
  if(args.Length() == 2 && !args[0]->IsObject() && !args[1]->IsBoolean()) return VException("One, two or tree arguments required - [object] or [object, boolean] or [object, boolean, boolean]");
                                  ^
../ext/bson.cc:851:58: error: invalid types ‘const int[int]’ for array subscript
  if(args.Length() == 2 && !args[0]->IsObject() && !args[1]->IsBoolean()) return VException("One, two or tree arguments required - [object] or [object, boolean] or [object, boolean, boolean]");
                                                          ^
../ext/bson.cc:852:10: error: request for member ‘Length’ in ‘args’, which is of non-class type ‘const int’
  if(args.Length() == 3 && !args[0]->IsObject() && !args[1]->IsBoolean() && !args[2]->IsBoolean()) return VException("One, two or tree arguments required - [object] or [object, boolean] or [object, boolean, boolean]");
          ^~~~~~
../ext/bson.cc:852:34: error: invalid types ‘const int[int]’ for array subscript
  if(args.Length() == 3 && !args[0]->IsObject() && !args[1]->IsBoolean() && !args[2]->IsBoolean()) return VException("One, two or tree arguments required - [object] or [object, boolean] or [object, boolean, boolean]");
                                  ^
../ext/bson.cc:852:58: error: invalid types ‘const int[int]’ for array subscript
  if(args.Length() == 3 && !args[0]->IsObject() && !args[1]->IsBoolean() && !args[2]->IsBoolean()) return VException("One, two or tree arguments required - [object] or [object, boolean] or [object, boolean, boolean]");
                                                          ^
../ext/bson.cc:852:83: error: invalid types ‘const int[int]’ for array subscript
  if(args.Length() == 3 && !args[0]->IsObject() && !args[1]->IsBoolean() && !args[2]->IsBoolean()) return VException("One, two or tree arguments required - [object] or [object, boolean] or [object, boolean, boolean]");
                                                                                   ^
../ext/bson.cc:853:10: error: request for member ‘Length’ in ‘args’, which is of non-class type ‘const int’
  if(args.Length() == 4 && !args[0]->IsObject() && !args[1]->IsBoolean() && !args[2]->IsBoolean() && !args[3]->IsBoolean()) return VException("One, two or tree arguments required - [object] or [object, boolean] or [object, boolean, boolean] or [object, boolean, boolean, boolean]");
          ^~~~~~
../ext/bson.cc:853:34: error: invalid types ‘const int[int]’ for array subscript
  if(args.Length() == 4 && !args[0]->IsObject() && !args[1]->IsBoolean() && !args[2]->IsBoolean() && !args[3]->IsBoolean()) return VException("One, two or tree arguments required - [object] or [object, boolean] or [object, boolean, boolean] or [object, boolean, boolean, boolean]");
                                  ^
../ext/bson.cc:853:58: error: invalid types ‘const int[int]’ for array subscript
  if(args.Length() == 4 && !args[0]->IsObject() && !args[1]->IsBoolean() && !args[2]->IsBoolean() && !args[3]->IsBoolean()) return VException("One, two or tree arguments required - [object] or [object, boolean] or [object, boolean, boolean] or [object, boolean, boolean, boolean]");
                                                          ^
../ext/bson.cc:853:83: error: invalid types ‘const int[int]’ for array subscript
  if(args.Length() == 4 && !args[0]->IsObject() && !args[1]->IsBoolean() && !args[2]->IsBoolean() && !args[3]->IsBoolean()) return VException("One, two or tree arguments required - [object] or [object, boolean] or [object, boolean, boolean] or [object, boolean, boolean, boolean]");
                                                                                   ^
../ext/bson.cc:853:108: error: invalid types ‘const int[int]’ for array subscript
  if(args.Length() == 4 && !args[0]->IsObject() && !args[1]->IsBoolean() && !args[2]->IsBoolean() && !args[3]->IsBoolean()) return VException("One, two or tree arguments required - [object] or [object, boolean] or [object, boolean, boolean] or [object, boolean, boolean, boolean]");
                                                                                                            ^
../ext/bson.cc:854:10: error: request for member ‘Length’ in ‘args’, which is of non-class type ‘const int’
  if(args.Length() > 4) return VException("One, two, tree or four arguments required - [object] or [object, boolean] or [object, boolean, boolean] or [object, boolean, boolean, boolean]");
          ^~~~~~
../ext/bson.cc:857:11: error: invalid types ‘const int[int]’ for array subscript
  if(args[0]->IsArray()) return VException("Only javascript objects supported");
           ^
../ext/bson.cc:860:45: error: request for member ‘This’ in ‘args’, which is of non-class type ‘const int’
  BSON *bson = ObjectWrap::Unwrap<BSON>(args.This());
                                             ^~~~
../ext/bson.cc:864:34: error: request for member ‘Length’ in ‘args’, which is of non-class type ‘const int’
  bool serializeFunctions = (args.Length() >= 4) && args[3]->BooleanValue();
                                  ^~~~~~
../ext/bson.cc:864:58: error: invalid types ‘const int[int]’ for array subscript
  bool serializeFunctions = (args.Length() >= 4) && args[3]->BooleanValue();
                                                          ^
../ext/bson.cc:870:57: error: invalid types ‘const int[int]’ for array subscript
   Local<Object> object = bson->GetSerializeObject(args[0]);
                                                         ^
../ext/bson.cc:880:25: error: request for member ‘Length’ in ‘args’, which is of non-class type ‘const int’
   bool checkKeys = args.Length() >= 3 && args[1]->IsBoolean() && args[1]->BooleanValue();
                         ^~~~~~
../ext/bson.cc:880:48: error: invalid types ‘const int[int]’ for array subscript
   bool checkKeys = args.Length() >= 3 && args[1]->IsBoolean() && args[1]->BooleanValue();
                                                ^
../ext/bson.cc:880:72: error: invalid types ‘const int[int]’ for array subscript
   bool checkKeys = args.Length() >= 3 && args[1]->IsBoolean() && args[1]->BooleanValue();
                                                                        ^
../ext/bson.cc:893:10: error: request for member ‘Length’ in ‘args’, which is of non-class type ‘const int’
  if(args.Length() == 3 || args.Length() == 4)
          ^~~~~~
../ext/bson.cc:893:32: error: request for member ‘Length’ in ‘args’, which is of non-class type ‘const int’
  if(args.Length() == 3 || args.Length() == 4)
                                ^~~~~~
../ext/bson.cc:895:10: error: expected primary-expression before ‘*’ token
   Buffer *buffer = Buffer::New(serialized_object, object_size);
          ^
../ext/bson.cc:895:11: error: ‘buffer’ was not declared in this scope
   Buffer *buffer = Buffer::New(serialized_object, object_size);
           ^~~~~~
../ext/bson.cc:895:62: error: no matching function for call to ‘New(char*&, size_t&)’
   Buffer *buffer = Buffer::New(serialized_object, object_size);
                                                              ^
In file included from ../ext/bson.cc:24:0:
/home/delvison/.node-gyp/7.7.3/include/node/node_buffer.h:31:40: note: candidate: v8::MaybeLocal<v8::Object> node::Buffer::New(v8::Isolate*, size_t)
 NODE_EXTERN v8::MaybeLocal<v8::Object> New(v8::Isolate* isolate, size_t length);
                                        ^~~
/home/delvison/.node-gyp/7.7.3/include/node/node_buffer.h:31:40: note:   no known conversion for argument 1 from ‘char*’ to ‘v8::Isolate*’
/home/delvison/.node-gyp/7.7.3/include/node/node_buffer.h:34:40: note: candidate: v8::MaybeLocal<v8::Object> node::Buffer::New(v8::Isolate*, v8::Local<v8::String>, node::encoding)
 NODE_EXTERN v8::MaybeLocal<v8::Object> New(v8::Isolate* isolate,
                                        ^~~
/home/delvison/.node-gyp/7.7.3/include/node/node_buffer.h:34:40: note:   no known conversion for argument 1 from ‘char*’ to ‘v8::Isolate*’
/home/delvison/.node-gyp/7.7.3/include/node/node_buffer.h:39:40: note: candidate: v8::MaybeLocal<v8::Object> node::Buffer::New(v8::Isolate*, char*, size_t, node::Buffer::FreeCallback, void*)
 NODE_EXTERN v8::MaybeLocal<v8::Object> New(v8::Isolate* isolate,
                                        ^~~
/home/delvison/.node-gyp/7.7.3/include/node/node_buffer.h:39:40: note:   candidate expects 5 arguments, 2 provided
/home/delvison/.node-gyp/7.7.3/include/node/node_buffer.h:46:40: note: candidate: v8::MaybeLocal<v8::Object> node::Buffer::New(v8::Isolate*, char*, size_t)
 NODE_EXTERN v8::MaybeLocal<v8::Object> New(v8::Isolate* isolate,
                                        ^~~
/home/delvison/.node-gyp/7.7.3/include/node/node_buffer.h:46:40: note:   candidate expects 3 arguments, 2 provided
../ext/bson.cc:897:16: error: ‘class v8::HandleScope’ has no member named ‘Close’
   return scope.Close(buffer->handle_);
                ^~~~~
../ext/bson.cc:901:73: warning: ‘v8::Local<v8::Value> node::Encode(const void*, size_t, node::encoding)’ is deprecated: Use Encode(isolate, ...) [-Wdeprecated-declarations]
   Local<Value> bin_value = Encode(serialized_object, object_size, BINARY)->ToString();
                                                                         ^
In file included from ../ext/bson.cc:22:0:
/home/delvison/.node-gyp/7.7.3/include/node/node.h:318:45: note: declared here
                 inline v8::Local<v8::Value> Encode(
                                             ^
/home/delvison/.node-gyp/7.7.3/include/node/node.h:66:42: note: in definition of macro ‘NODE_DEPRECATED’
     __attribute__((deprecated(message))) declarator
                                          ^~~~~~~~~~
../ext/bson.cc: At global scope:
../ext/bson.cc:907:47: error: ‘Arguments’ does not name a type
 Handle<Value> BSON::CalculateObjectSize(const Arguments &args)
                                               ^~~~~~~~~
../ext/bson.cc: In static member function ‘static v8::Handle<v8::Value> BSON::CalculateObjectSize(const int&)’:
../ext/bson.cc:909:14: error: ‘v8::HandleScope::HandleScope()’ is protected within this context
  HandleScope scope;
              ^~~~~
In file included from ../ext/bson.cc:14:0:
/home/delvison/.node-gyp/7.7.3/include/node/v8.h:908:13: note: declared protected here
   V8_INLINE HandleScope() {}
             ^~~~~~~~~~~
../ext/bson.cc:911:10: error: request for member ‘Length’ in ‘args’, which is of non-class type ‘const int’
  if(args.Length() == 1 && !args[0]->IsObject()) return VException("One argument required - [object]");
          ^~~~~~
../ext/bson.cc:911:34: error: invalid types ‘const int[int]’ for array subscript
  if(args.Length() == 1 && !args[0]->IsObject()) return VException("One argument required - [object]");
                                  ^
../ext/bson.cc:912:10: error: request for member ‘Length’ in ‘args’, which is of non-class type ‘const int’
  if(args.Length() == 2 && !args[0]->IsObject() && !args[1]->IsBoolean())  return VException("Two arguments required - [object, boolean]");
          ^~~~~~
../ext/bson.cc:912:34: error: invalid types ‘const int[int]’ for array subscript
  if(args.Length() == 2 && !args[0]->IsObject() && !args[1]->IsBoolean())  return VException("Two arguments required - [object, boolean]");
                                  ^
../ext/bson.cc:912:58: error: invalid types ‘const int[int]’ for array subscript
  if(args.Length() == 2 && !args[0]->IsObject() && !args[1]->IsBoolean())  return VException("Two arguments required - [object, boolean]");
                                                          ^
../ext/bson.cc:913:10: error: request for member ‘Length’ in ‘args’, which is of non-class type ‘const int’
  if(args.Length() > 3) return VException("One or two arguments required - [object] or [object, boolean]");
          ^~~~~~
../ext/bson.cc:916:45: error: request for member ‘This’ in ‘args’, which is of non-class type ‘const int’
  BSON *bson = ObjectWrap::Unwrap<BSON>(args.This());
                                             ^~~~
../ext/bson.cc:917:34: error: request for member ‘Length’ in ‘args’, which is of non-class type ‘const int’
  bool serializeFunctions = (args.Length() >= 2) && args[1]->BooleanValue();
                                  ^~~~~~
../ext/bson.cc:917:58: error: invalid types ‘const int[int]’ for array subscript
  bool serializeFunctions = (args.Length() >= 2) && args[1]->BooleanValue();
                                                          ^
../ext/bson.cc:919:42: error: invalid types ‘const int[int]’ for array subscript
  countSerializer.SerializeDocument(args[0]);
                                          ^
../ext/bson.cc:922:15: error: ‘class v8::HandleScope’ has no member named ‘Close’
  return scope.Close(Uint32::New((uint32_t) countSerializer.GetSerializeSize()));
               ^~~~~
../ext/bson.cc:922:78: error: no matching function for call to ‘v8::Uint32::New(uint32_t)’
  return scope.Close(Uint32::New((uint32_t) countSerializer.GetSerializeSize()));
                                                                              ^
In file included from ../ext/bson.cc:14:0:
/home/delvison/.node-gyp/7.7.3/include/node/v8.h:2770:25: note: candidate: static v8::Local<v8::Integer> v8::Integer::New(v8::Isolate*, int32_t)
   static Local<Integer> New(Isolate* isolate, int32_t value);
                         ^~~
/home/delvison/.node-gyp/7.7.3/include/node/v8.h:2770:25: note:   candidate expects 2 arguments, 1 provided
../ext/bson.cc: At global scope:
../ext/bson.cc:925:55: error: ‘Arguments’ does not name a type
 Handle<Value> BSON::SerializeWithBufferAndIndex(const Arguments &args)
                                                       ^~~~~~~~~
../ext/bson.cc: In static member function ‘static v8::Handle<v8::Value> BSON::SerializeWithBufferAndIndex(const int&)’:
../ext/bson.cc:927:14: error: ‘v8::HandleScope::HandleScope()’ is protected within this context
  HandleScope scope;
              ^~~~~
In file included from ../ext/bson.cc:14:0:
/home/delvison/.node-gyp/7.7.3/include/node/v8.h:908:13: note: declared protected here
   V8_INLINE HandleScope() {}
             ^~~~~~~~~~~
../ext/bson.cc:931:10: error: request for member ‘Length’ in ‘args’, which is of non-class type ‘const int’
  if(args.Length() > 5) return VException("Four or five parameters required [object, boolean, Buffer, int] or [object, boolean, Buffer, int, boolean]");
          ^~~~~~
../ext/bson.cc:932:10: error: request for member ‘Length’ in ‘args’, which is of non-class type ‘const int’
  if(args.Length() == 4 && !args[0]->IsObject() && !args[1]->IsBoolean() && !Buffer::HasInstance(args[2]) && !args[3]->IsUint32()) return VException("Four parameters required [object, boolean, Buffer, int]");
          ^~~~~~
../ext/bson.cc:932:34: error: invalid types ‘const int[int]’ for array subscript
  if(args.Length() == 4 && !args[0]->IsObject() && !args[1]->IsBoolean() && !Buffer::HasInstance(args[2]) && !args[3]->IsUint32()) return VException("Four parameters required [object, boolean, Buffer, int]");
                                  ^
../ext/bson.cc:932:58: error: invalid types ‘const int[int]’ for array subscript
  if(args.Length() == 4 && !args[0]->IsObject() && !args[1]->IsBoolean() && !Buffer::HasInstance(args[2]) && !args[3]->IsUint32()) return VException("Four parameters required [object, boolean, Buffer, int]");
                                                          ^
../ext/bson.cc:932:103: error: invalid types ‘const int[int]’ for array subscript
  if(args.Length() == 4 && !args[0]->IsObject() && !args[1]->IsBoolean() && !Buffer::HasInstance(args[2]) && !args[3]->IsUint32()) return VException("Four parameters required [object, boolean, Buffer, int]");
                                                                                                       ^
../ext/bson.cc:932:116: error: invalid types ‘const int[int]’ for array subscript
  if(args.Length() == 4 && !args[0]->IsObject() && !args[1]->IsBoolean() && !Buffer::HasInstance(args[2]) && !args[3]->IsUint32()) return VException("Four parameters required [object, boolean, Buffer, int]");
                                                                                                                    ^
../ext/bson.cc:933:10: error: request for member ‘Length’ in ‘args’, which is of non-class type ‘const int’
  if(args.Length() == 5 && !args[0]->IsObject() && !args[1]->IsBoolean() && !Buffer::HasInstance(args[2]) && !args[3]->IsUint32() && !args[4]->IsBoolean()) return VException("Four parameters required [object, boolean, Buffer, int, boolean]");
          ^~~~~~
../ext/bson.cc:933:34: error: invalid types ‘const int[int]’ for array subscript
  if(args.Length() == 5 && !args[0]->IsObject() && !args[1]->IsBoolean() && !Buffer::HasInstance(args[2]) && !args[3]->IsUint32() && !args[4]->IsBoolean()) return VException("Four parameters required [object, boolean, Buffer, int, boolean]");
                                  ^
../ext/bson.cc:933:58: error: invalid types ‘const int[int]’ for array subscript
  if(args.Length() == 5 && !args[0]->IsObject() && !args[1]->IsBoolean() && !Buffer::HasInstance(args[2]) && !args[3]->IsUint32() && !args[4]->IsBoolean()) return VException("Four parameters required [object, boolean, Buffer, int, boolean]");
                                                          ^
../ext/bson.cc:933:103: error: invalid types ‘const int[int]’ for array subscript
  if(args.Length() == 5 && !args[0]->IsObject() && !args[1]->IsBoolean() && !Buffer::HasInstance(args[2]) && !args[3]->IsUint32() && !args[4]->IsBoolean()) return VException("Four parameters required [object, boolean, Buffer, int, boolean]");
                                                                                                       ^
../ext/bson.cc:933:116: error: invalid types ‘const int[int]’ for array subscript
  if(args.Length() == 5 && !args[0]->IsObject() && !args[1]->IsBoolean() && !Buffer::HasInstance(args[2]) && !args[3]->IsUint32() && !args[4]->IsBoolean()) return VException("Four parameters required [object, boolean, Buffer, int, boolean]");
                                                                                                                    ^
../ext/bson.cc:933:140: error: invalid types ‘const int[int]’ for array subscript
  if(args.Length() == 5 && !args[0]->IsObject() && !args[1]->IsBoolean() && !Buffer::HasInstance(args[2]) && !args[3]->IsUint32() && !args[4]->IsBoolean()) return VException("Four parameters required [object, boolean, Buffer, int, boolean]");
                                                                                                                                            ^
../ext/bson.cc:940:46: error: request for member ‘This’ in ‘args’, which is of non-class type ‘const int’
   BSON *bson = ObjectWrap::Unwrap<BSON>(args.This());
                                              ^~~~
../ext/bson.cc:942:29: error: invalid types ‘const int[int]’ for array subscript
   Local<Object> obj = args[2]->ToObject();
                             ^
../ext/bson.cc:946:17: error: invalid types ‘const int[int]’ for array subscript
   index = args[3]->Uint32Value();
                 ^
../ext/bson.cc:947:25: error: request for member ‘Length’ in ‘args’, which is of non-class type ‘const int’
   bool checkKeys = args.Length() >= 4 && args[1]->IsBoolean() && args[1]->BooleanValue();
                         ^~~~~~
../ext/bson.cc:947:48: error: invalid types ‘const int[int]’ for array subscript
   bool checkKeys = args.Length() >= 4 && args[1]->IsBoolean() && args[1]->BooleanValue();
                                                ^
../ext/bson.cc:947:72: error: invalid types ‘const int[int]’ for array subscript
   bool checkKeys = args.Length() >= 4 && args[1]->IsBoolean() && args[1]->BooleanValue();
                                                                        ^
../ext/bson.cc:948:35: error: request for member ‘Length’ in ‘args’, which is of non-class type ‘const int’
   bool serializeFunctions = (args.Length() == 5) && args[4]->BooleanValue();
                                   ^~~~~~
../ext/bson.cc:948:59: error: invalid types ‘const int[int]’ for array subscript
   bool serializeFunctions = (args.Length() == 5) && args[4]->BooleanValue();
                                                           ^
../ext/bson.cc:951:67: error: invalid types ‘const int[int]’ for array subscript
   dataSerializer.SerializeDocument(bson->GetSerializeObject(args[0]));
                                                                   ^
../ext/bson.cc:963:15: error: ‘class v8::HandleScope’ has no member named ‘Close’
  return scope.Close(Uint32::New((uint32_t) (index + object_size - 1)));
               ^~~~~
../ext/bson.cc:963:69: error: no matching function for call to ‘v8::Uint32::New(uint32_t)’
  return scope.Close(Uint32::New((uint32_t) (index + object_size - 1)));
                                                                     ^
In file included from ../ext/bson.cc:14:0:
/home/delvison/.node-gyp/7.7.3/include/node/v8.h:2770:25: note: candidate: static v8::Local<v8::Integer> v8::Integer::New(v8::Isolate*, int32_t)
   static Local<Integer> New(Isolate* isolate, int32_t value);
                         ^~~
/home/delvison/.node-gyp/7.7.3/include/node/v8.h:2770:25: note:   candidate expects 2 arguments, 1 provided
../ext/bson.cc: At global scope:
../ext/bson.cc:966:49: error: ‘Arguments’ does not name a type
 Handle<Value> BSON::BSONDeserializeStream(const Arguments &args)
                                                 ^~~~~~~~~
../ext/bson.cc: In static member function ‘static v8::Handle<v8::Value> BSON::BSONDeserializeStream(const int&)’:
../ext/bson.cc:968:14: error: ‘v8::HandleScope::HandleScope()’ is protected within this context
  HandleScope scope;
              ^~~~~
In file included from ../ext/bson.cc:14:0:
/home/delvison/.node-gyp/7.7.3/include/node/v8.h:908:13: note: declared protected here
   V8_INLINE HandleScope() {}
             ^~~~~~~~~~~
../ext/bson.cc:971:10: error: request for member ‘Length’ in ‘args’, which is of non-class type ‘const int’
  if(args.Length() < 5) return VException("Arguments required (Buffer(data), Number(index in data), Number(number of documents to deserialize), Array(results), Number(index in the array), Object(optional))");
          ^~~~~~
../ext/bson.cc:974:10: error: request for member ‘Length’ in ‘args’, which is of non-class type ‘const int’
  if(args.Length() >= 5)
          ^~~~~~
../ext/bson.cc:976:33: error: invalid types ‘const int[int]’ for array subscript
   if(!Buffer::HasInstance(args[0])) return VException("First argument must be Buffer instance");
                                 ^
../ext/bson.cc:977:13: error: invalid types ‘const int[int]’ for array subscript
   if(!args[1]->IsUint32()) return VException("Second argument must be a positive index number");
             ^
../ext/bson.cc:978:13: error: invalid types ‘const int[int]’ for array subscript
   if(!args[2]->IsUint32()) return VException("Third argument must be a positive number of documents to deserialize");
             ^
../ext/bson.cc:979:13: error: invalid types ‘const int[int]’ for array subscript
   if(!args[3]->IsArray()) return VException("Fourth argument must be an array the size of documents to deserialize");
             ^
../ext/bson.cc:980:13: error: invalid types ‘const int[int]’ for array subscript
   if(!args[4]->IsUint32()) return VException("Sixth argument must be a positive index number");
             ^
../ext/bson.cc:984:10: error: request for member ‘Length’ in ‘args’, which is of non-class type ‘const int’
  if(args.Length() == 6 && !args[5]->IsObject()) return VException("Fifth argument must be an object with options");
          ^~~~~~
../ext/bson.cc:984:34: error: invalid types ‘const int[int]’ for array subscript
  if(args.Length() == 6 && !args[5]->IsObject()) return VException("Fifth argument must be an object with options");
                                  ^
../ext/bson.cc:987:28: error: invalid types ‘const int[int]’ for array subscript
  Local<Object> obj = args[0]->ToObject();
                            ^
../ext/bson.cc:988:37: error: invalid types ‘const int[int]’ for array subscript
  uint32_t numberOfDocuments = args[2]->Uint32Value();
                                     ^
../ext/bson.cc:989:25: error: invalid types ‘const int[int]’ for array subscript
  uint32_t index = args[1]->Uint32Value();
                         ^
../ext/bson.cc:990:31: error: invalid types ‘const int[int]’ for array subscript
  uint32_t resultIndex = args[4]->Uint32Value();
                               ^
../ext/bson.cc:994:10: error: request for member ‘Length’ in ‘args’, which is of non-class type ‘const int’
  if(args.Length() == 6) {
          ^~~~~~
../ext/bson.cc:995:33: error: invalid types ‘const int[int]’ for array subscript
   Local<Object> options = args[5]->ToObject();
                                 ^
../ext/bson.cc:998:19: error: ‘New’ is not a member of ‘v8::String’
   if(options->Has(String::New("promoteLongs"))) {
                   ^~~~~~
../ext/bson.cc:999:32: error: ‘New’ is not a member of ‘v8::String’
    promoteLongs = options->Get(String::New("promoteLongs"))->ToBoolean()->Value();
                                ^~~~~~
../ext/bson.cc:1004:45: error: request for member ‘This’ in ‘args’, which is of non-class type ‘const int’
  BSON *bson = ObjectWrap::Unwrap<BSON>(args.This());
                                             ^~~~
../ext/bson.cc:1017:34: error: invalid types ‘const int[int]’ for array subscript
  Local<Object> documents = args[3]->ToObject();
                                  ^
../ext/bson.cc:1035:15: error: ‘class v8::HandleScope’ has no member named ‘Close’
  return scope.Close(Uint32::New((uint32_t) (index + deserializer.GetSerializeSize())));
               ^~~~~
../ext/bson.cc:1035:85: error: no matching function for call to ‘v8::Uint32::New(uint32_t)’
  return scope.Close(Uint32::New((uint32_t) (index + deserializer.GetSerializeSize())));
                                                                                     ^
In file included from ../ext/bson.cc:14:0:
/home/delvison/.node-gyp/7.7.3/include/node/v8.h:2770:25: note: candidate: static v8::Local<v8::Integer> v8::Integer::New(v8::Isolate*, int32_t)
   static Local<Integer> New(Isolate* isolate, int32_t value);
                         ^~~
/home/delvison/.node-gyp/7.7.3/include/node/v8.h:2770:25: note:   candidate expects 2 arguments, 1 provided
../ext/bson.cc: In function ‘void init(v8::Handle<v8::Object>)’:
../ext/bson.cc:1041:14: error: ‘v8::HandleScope::HandleScope()’ is protected within this context
  HandleScope scope;
              ^~~~~
In file included from ../ext/bson.cc:14:0:
/home/delvison/.node-gyp/7.7.3/include/node/v8.h:908:13: note: declared protected here
   V8_INLINE HandleScope() {}
             ^~~~~~~~~~~
../ext/bson.cc: In instantiation of ‘void BSONSerializer<T>::SerializeValue(void*, v8::Handle<v8::Value>&) [with T = CountStream; v8::Handle<v8::Value> = v8::Local<v8::Value>]’:
../ext/bson.cc:116:18:   required from ‘void BSONSerializer<T>::SerializeDocument(v8::Handle<v8::Value>&) [with T = CountStream; v8::Handle<v8::Value> = v8::Local<v8::Value>]’
../ext/bson.cc:873:35:   required from here
../ext/bson.cc:209:5: error: no matching function for call to ‘BSONSerializer<CountStream>::WriteInt32(const v8::Local<v8::Object>&, v8::Persistent<v8::String>&)’
     this->WriteInt32(object, bson->_longLowString);
     ^~~~
In file included from ../ext/bson.cc:35:0:
../ext/bson.h:135:7: note: candidate: void CountStream::WriteInt32(int32_t)
  void WriteInt32(int32_t value)        { count += 4; }
       ^~~~~~~~~~
../ext/bson.h:135:7: note:   candidate expects 1 argument, 2 provided
../ext/bson.h:136:7: note: candidate: void CountStream::WriteInt32(v8::Handle<v8::Value>&)
  void WriteInt32(const Handle<Value>& value)     { count += 4; }
       ^~~~~~~~~~
../ext/bson.h:136:7: note:   candidate expects 1 argument, 2 provided
../ext/bson.h:137:7: note: candidate: void CountStream::WriteInt32(v8::Handle<v8::Object>&, v8::Handle<v8::String>&)
  void WriteInt32(const Handle<Object>& object, const Handle<String>& key) { count += 4; }
       ^~~~~~~~~~
../ext/bson.h:137:7: note:   no known conversion for argument 2 from ‘v8::Persistent<v8::String>’ to ‘v8::Handle<v8::String>& {aka const v8::Local<v8::String>&}’
../ext/bson.cc:210:5: error: no matching function for call to ‘BSONSerializer<CountStream>::WriteInt32(const v8::Local<v8::Object>&, v8::Persistent<v8::String>&)’
     this->WriteInt32(object, bson->_longHighString);
     ^~~~
In file included from ../ext/bson.cc:35:0:
../ext/bson.h:135:7: note: candidate: void CountStream::WriteInt32(int32_t)
  void WriteInt32(int32_t value)        { count += 4; }
       ^~~~~~~~~~
../ext/bson.h:135:7: note:   candidate expects 1 argument, 2 provided
../ext/bson.h:136:7: note: candidate: void CountStream::WriteInt32(v8::Handle<v8::Value>&)
  void WriteInt32(const Handle<Value>& value)     { count += 4; }
       ^~~~~~~~~~
../ext/bson.h:136:7: note:   candidate expects 1 argument, 2 provided
../ext/bson.h:137:7: note: candidate: void CountStream::WriteInt32(v8::Handle<v8::Object>&, v8::Handle<v8::String>&)
  void WriteInt32(const Handle<Object>& object, const Handle<String>& key) { count += 4; }
       ^~~~~~~~~~
../ext/bson.h:137:7: note:   no known conversion for argument 2 from ‘v8::Persistent<v8::String>’ to ‘v8::Handle<v8::String>& {aka const v8::Local<v8::String>&}’
../ext/bson.cc:215:5: error: no matching function for call to ‘BSONSerializer<CountStream>::WriteInt32(const v8::Local<v8::Object>&, v8::Persistent<v8::String>&)’
     this->WriteInt32(object, bson->_longLowString);
     ^~~~
In file included from ../ext/bson.cc:35:0:
../ext/bson.h:135:7: note: candidate: void CountStream::WriteInt32(int32_t)
  void WriteInt32(int32_t value)        { count += 4; }
       ^~~~~~~~~~
../ext/bson.h:135:7: note:   candidate expects 1 argument, 2 provided
../ext/bson.h:136:7: note: candidate: void CountStream::WriteInt32(v8::Handle<v8::Value>&)
  void WriteInt32(const Handle<Value>& value)     { count += 4; }
       ^~~~~~~~~~
../ext/bson.h:136:7: note:   candidate expects 1 argument, 2 provided
../ext/bson.h:137:7: note: candidate: void CountStream::WriteInt32(v8::Handle<v8::Object>&, v8::Handle<v8::String>&)
  void WriteInt32(const Handle<Object>& object, const Handle<String>& key) { count += 4; }
       ^~~~~~~~~~
../ext/bson.h:137:7: note:   no known conversion for argument 2 from ‘v8::Persistent<v8::String>’ to ‘v8::Handle<v8::String>& {aka const v8::Local<v8::String>&}’
../ext/bson.cc:216:5: error: no matching function for call to ‘BSONSerializer<CountStream>::WriteInt32(const v8::Local<v8::Object>&, v8::Persistent<v8::String>&)’
     this->WriteInt32(object, bson->_longHighString);
     ^~~~
In file included from ../ext/bson.cc:35:0:
../ext/bson.h:135:7: note: candidate: void CountStream::WriteInt32(int32_t)
  void WriteInt32(int32_t value)        { count += 4; }
       ^~~~~~~~~~
../ext/bson.h:135:7: note:   candidate expects 1 argument, 2 provided
../ext/bson.h:136:7: note: candidate: void CountStream::WriteInt32(v8::Handle<v8::Value>&)
  void WriteInt32(const Handle<Value>& value)     { count += 4; }
       ^~~~~~~~~~
../ext/bson.h:136:7: note:   candidate expects 1 argument, 2 provided
../ext/bson.h:137:7: note: candidate: void CountStream::WriteInt32(v8::Handle<v8::Object>&, v8::Handle<v8::String>&)
  void WriteInt32(const Handle<Object>& object, const Handle<String>& key) { count += 4; }
       ^~~~~~~~~~
../ext/bson.h:137:7: note:   no known conversion for argument 2 from ‘v8::Persistent<v8::String>’ to ‘v8::Handle<v8::String>& {aka const v8::Local<v8::String>&}’
../ext/bson.cc:221:5: error: no matching function for call to ‘BSONSerializer<CountStream>::WriteObjectId(const v8::Local<v8::Object>&, v8::Persistent<v8::String>&)’
     this->WriteObjectId(object, bson->_objectIDidString);
     ^~~~
In file included from ../ext/bson.cc:35:0:
../ext/bson.h:145:7: note: candidate: void CountStream::WriteObjectId(v8::Handle<v8::Object>&, v8::Handle<v8::String>&)
  void WriteObjectId(const Handle<Object>& object, const Handle<String>& key)    { count += 12; }
       ^~~~~~~~~~~~~
../ext/bson.h:145:7: note:   no known conversion for argument 2 from ‘v8::Persistent<v8::String>’ to ‘v8::Handle<v8::String>& {aka const v8::Local<v8::String>&}’
../ext/bson.cc:231:5: error: no matching function for call to ‘BSONSerializer<CountStream>::WriteByte(const v8::Local<v8::Object>&, v8::Persistent<v8::String>&)’
     this->WriteByte(object, bson->_binarySubTypeString); // write subtype
     ^~~~
In file included from ../ext/bson.cc:35:0:
../ext/bson.h:132:7: note: candidate: void CountStream::WriteByte(int)
  void WriteByte(int value)         { ++count; }
       ^~~~~~~~~
../ext/bson.h:132:7: note:   candidate expects 1 argument, 2 provided
../ext/bson.h:133:7: note: candidate: void CountStream::WriteByte(v8::Handle<v8::Object>&, v8::Handle<v8::String>&)
  void WriteByte(const Handle<Object>&, const Handle<String>&) { ++count; }
       ^~~~~~~~~
../ext/bson.h:133:7: note:   no known conversion for argument 2 from ‘v8::Persistent<v8::String>’ to ‘v8::Handle<v8::String>& {aka const v8::Local<v8::String>&}’
../ext/bson.cc:242:5: error: no matching function for call to ‘BSONSerializer<CountStream>::WriteDouble(const v8::Local<v8::Object>&, v8::Persistent<v8::String>&)’
     this->WriteDouble(object, bson->_doubleValueString);
     ^~~~
In file included from ../ext/bson.cc:35:0:
../ext/bson.h:140:7: note: candidate: void CountStream::WriteDouble(double)
  void WriteDouble(double value)        { count += 8; }
       ^~~~~~~~~~~
../ext/bson.h:140:7: note:   candidate expects 1 argument, 2 provided
../ext/bson.h:141:7: note: candidate: void CountStream::WriteDouble(v8::Handle<v8::Value>&)
  void WriteDouble(const Handle<Value>& value)     { count += 8; }
       ^~~~~~~~~~~
../ext/bson.h:141:7: note:   candidate expects 1 argument, 2 provided
../ext/bson.h:142:7: note: candidate: void CountStream::WriteDouble(v8::Handle<v8::Object>&, v8::Handle<v8::String>&)
  void WriteDouble(const Handle<Object>&, const Handle<String>&) { count += 8; }
       ^~~~~~~~~~~
../ext/bson.h:142:7: note:   no known conversion for argument 2 from ‘v8::Persistent<v8::String>’ to ‘v8::Handle<v8::String>& {aka const v8::Local<v8::String>&}’
../ext/bson.cc: In instantiation of ‘void BSONSerializer<T>::SerializeValue(void*, v8::Handle<v8::Value>&) [with T = DataStream; v8::Handle<v8::Value> = v8::Local<v8::Value>]’:
../ext/bson.cc:116:18:   required from ‘void BSONSerializer<T>::SerializeDocument(v8::Handle<v8::Value>&) [with T = DataStream; v8::Handle<v8::Value> = v8::Local<v8::Value>]’
../ext/bson.cc:882:32:   required from here
../ext/bson.cc:209:5: error: no matching function for call to ‘BSONSerializer<DataStream>::WriteInt32(const v8::Local<v8::Object>&, v8::Persistent<v8::String>&)’
     this->WriteInt32(object, bson->_longLowString);
     ^~~~
In file included from ../ext/bson.cc:35:0:
../ext/bson.h:171:7: note: candidate: void DataStream::WriteInt32(int32_t)
  void WriteInt32(int32_t value)        { *reinterpret_cast<int32_t*>(p) = value; p += 4; }
       ^~~~~~~~~~
../ext/bson.h:171:7: note:   candidate expects 1 argument, 2 provided
../ext/bson.h:180:7: note: candidate: void DataStream::WriteInt32(v8::Handle<v8::Value>&)
  void WriteInt32(const Handle<Value>& value)     { WriteInt32(value->Int32Value());   }
       ^~~~~~~~~~
../ext/bson.h:180:7: note:   candidate expects 1 argument, 2 provided
../ext/bson.h:181:7: note: candidate: void DataStream::WriteInt32(v8::Handle<v8::Object>&, v8::Handle<v8::String>&)
  void WriteInt32(const Handle<Object>& object, const Handle<String>& key) { WriteInt32(object->Get(key)); }
       ^~~~~~~~~~
../ext/bson.h:181:7: note:   no known conversion for argument 2 from ‘v8::Persistent<v8::String>’ to ‘v8::Handle<v8::String>& {aka const v8::Local<v8::String>&}’
../ext/bson.cc:210:5: error: no matching function for call to ‘BSONSerializer<DataStream>::WriteInt32(const v8::Local<v8::Object>&, v8::Persistent<v8::String>&)’
     this->WriteInt32(object, bson->_longHighString);
     ^~~~
In file included from ../ext/bson.cc:35:0:
../ext/bson.h:171:7: note: candidate: void DataStream::WriteInt32(int32_t)
  void WriteInt32(int32_t value)        { *reinterpret_cast<int32_t*>(p) = value; p += 4; }
       ^~~~~~~~~~
../ext/bson.h:171:7: note:   candidate expects 1 argument, 2 provided
../ext/bson.h:180:7: note: candidate: void DataStream::WriteInt32(v8::Handle<v8::Value>&)
  void WriteInt32(const Handle<Value>& value)     { WriteInt32(value->Int32Value());   }
       ^~~~~~~~~~
../ext/bson.h:180:7: note:   candidate expects 1 argument, 2 provided
../ext/bson.h:181:7: note: candidate: void DataStream::WriteInt32(v8::Handle<v8::Object>&, v8::Handle<v8::String>&)
  void WriteInt32(const Handle<Object>& object, const Handle<String>& key) { WriteInt32(object->Get(key)); }
       ^~~~~~~~~~
../ext/bson.h:181:7: note:   no known conversion for argument 2 from ‘v8::Persistent<v8::String>’ to ‘v8::Handle<v8::String>& {aka const v8::Local<v8::String>&}’
../ext/bson.cc:215:5: error: no matching function for call to ‘BSONSerializer<DataStream>::WriteInt32(const v8::Local<v8::Object>&, v8::Persistent<v8::String>&)’
     this->WriteInt32(object, bson->_longLowString);
     ^~~~
In file included from ../ext/bson.cc:35:0:
../ext/bson.h:171:7: note: candidate: void DataStream::WriteInt32(int32_t)
  void WriteInt32(int32_t value)        { *reinterpret_cast<int32_t*>(p) = value; p += 4; }
       ^~~~~~~~~~
../ext/bson.h:171:7: note:   candidate expects 1 argument, 2 provided
../ext/bson.h:180:7: note: candidate: void DataStream::WriteInt32(v8::Handle<v8::Value>&)
  void WriteInt32(const Handle<Value>& value)     { WriteInt32(value->Int32Value());   }
       ^~~~~~~~~~
../ext/bson.h:180:7: note:   candidate expects 1 argument, 2 provided
../ext/bson.h:181:7: note: candidate: void DataStream::WriteInt32(v8::Handle<v8::Object>&, v8::Handle<v8::String>&)
  void WriteInt32(const Handle<Object>& object, const Handle<String>& key) { WriteInt32(object->Get(key)); }
       ^~~~~~~~~~
../ext/bson.h:181:7: note:   no known conversion for argument 2 from ‘v8::Persistent<v8::String>’ to ‘v8::Handle<v8::String>& {aka const v8::Local<v8::String>&}’
../ext/bson.cc:216:5: error: no matching function for call to ‘BSONSerializer<DataStream>::WriteInt32(const v8::Local<v8::Object>&, v8::Persistent<v8::String>&)’
     this->WriteInt32(object, bson->_longHighString);
     ^~~~
In file included from ../ext/bson.cc:35:0:
../ext/bson.h:171:7: note: candidate: void DataStream::WriteInt32(int32_t)
  void WriteInt32(int32_t value)        { *reinterpret_cast<int32_t*>(p) = value; p += 4; }
       ^~~~~~~~~~
../ext/bson.h:171:7: note:   candidate expects 1 argument, 2 provided
../ext/bson.h:180:7: note: candidate: void DataStream::WriteInt32(v8::Handle<v8::Value>&)
  void WriteInt32(const Handle<Value>& value)     { WriteInt32(value->Int32Value());   }
       ^~~~~~~~~~
../ext/bson.h:180:7: note:   candidate expects 1 argument, 2 provided
../ext/bson.h:181:7: note: candidate: void DataStream::WriteInt32(v8::Handle<v8::Object>&, v8::Handle<v8::String>&)
  void WriteInt32(const Handle<Object>& object, const Handle<String>& key) { WriteInt32(object->Get(key)); }
       ^~~~~~~~~~
../ext/bson.h:181:7: note:   no known conversion for argument 2 from ‘v8::Persistent<v8::String>’ to ‘v8::Handle<v8::String>& {aka const v8::Local<v8::String>&}’
../ext/bson.cc:221:5: error: no matching function for call to ‘BSONSerializer<DataStream>::WriteObjectId(const v8::Local<v8::Object>&, v8::Persistent<v8::String>&)’
     this->WriteObjectId(object, bson->_objectIDidString);
     ^~~~
../ext/bson.cc:42:6: note: candidate: void DataStream::WriteObjectId(v8::Handle<v8::Object>&, v8::Handle<v8::String>&)
 void DataStream::WriteObjectId(const Handle<Object>& object, const Handle<String>& key)
      ^~~~~~~~~~
../ext/bson.cc:42:6: note:   no known conversion for argument 2 from ‘v8::Persistent<v8::String>’ to ‘v8::Handle<v8::String>& {aka const v8::Local<v8::String>&}’
../ext/bson.cc:231:5: error: no matching function for call to ‘BSONSerializer<DataStream>::WriteByte(const v8::Local<v8::Object>&, v8::Persistent<v8::String>&)’
     this->WriteByte(object, bson->_binarySubTypeString); // write subtype
     ^~~~
In file included from ../ext/bson.cc:35:0:
../ext/bson.h:168:7: note: candidate: void DataStream::WriteByte(int)
  void WriteByte(int value)         { *p++ = value; }
       ^~~~~~~~~
../ext/bson.h:168:7: note:   candidate expects 1 argument, 2 provided
../ext/bson.h:169:7: note: candidate: void DataStream::WriteByte(v8::Handle<v8::Object>&, v8::Handle<v8::String>&)
  void WriteByte(const Handle<Object>& object, const Handle<String>& key) { *p++ = object->Get(key)->Int32Value(); }
       ^~~~~~~~~
../ext/bson.h:169:7: note:   no known conversion for argument 2 from ‘v8::Persistent<v8::String>’ to ‘v8::Handle<v8::String>& {aka const v8::Local<v8::String>&}’
../ext/bson.cc:242:5: error: no matching function for call to ‘BSONSerializer<DataStream>::WriteDouble(const v8::Local<v8::Object>&, v8::Persistent<v8::String>&)’
     this->WriteDouble(object, bson->_doubleValueString);
     ^~~~
In file included from ../ext/bson.cc:35:0:
../ext/bson.h:173:7: note: candidate: void DataStream::WriteDouble(double)
  void WriteDouble(double value)        { *reinterpret_cast<double*>(p) = value; p += 8; }
       ^~~~~~~~~~~
../ext/bson.h:173:7: note:   candidate expects 1 argument, 2 provided
../ext/bson.h:183:7: note: candidate: void DataStream::WriteDouble(v8::Handle<v8::Value>&)
  void WriteDouble(const Handle<Value>& value)     { WriteDouble(value->NumberValue());  }
       ^~~~~~~~~~~
../ext/bson.h:183:7: note:   candidate expects 1 argument, 2 provided
../ext/bson.h:184:7: note: candidate: void DataStream::WriteDouble(v8::Handle<v8::Object>&, v8::Handle<v8::String>&)
  void WriteDouble(const Handle<Object>& object, const Handle<String>& key) { WriteDouble(object->Get(key)); }
       ^~~~~~~~~~~
../ext/bson.h:184:7: note:   no known conversion for argument 2 from ‘v8::Persistent<v8::String>’ to ‘v8::Handle<v8::String>& {aka const v8::Local<v8::String>&}’
../ext/bson.cc: In member function ‘v8::Local<v8::Object> BSON::GetSerializeObject(v8::Handle<v8::Value>&)’:
../ext/bson.cc:844:1: warning: control reaches end of non-void function [-Wreturn-type]
 }
 ^
make: *** [bson.target.mk:90: Release/obj.target/bson/ext/bson.o] Error 1
gyp ERR! build error 
gyp ERR! stack Error: `make` failed with exit code: 2
gyp ERR! stack     at ChildProcess.onExit (/home/delvison/.nvm/versions/node/v7.7.3/lib/node_modules/npm/node_modules/node-gyp/lib/build.js:276:23)
gyp ERR! stack     at emitTwo (events.js:106:13)
gyp ERR! stack     at ChildProcess.emit (events.js:194:7)
gyp ERR! stack     at Process.ChildProcess._handle.onexit (internal/child_process.js:215:12)
gyp ERR! System Linux 4.4.54-1-MANJARO
gyp ERR! command "/home/delvison/.nvm/versions/node/v7.7.3/bin/node" "/home/delvison/.nvm/versions/node/v7.7.3/lib/node_modules/npm/node_modules/node-gyp/bin/node-gyp.js" "rebuild"
gyp ERR! cwd /home/delvison/Dropbox/code/wifi_stalker/node_app/node_modules/bson
gyp ERR! node -v v7.7.3
gyp ERR! node-gyp -v v3.5.0
gyp ERR! not ok 
